#
# A fatal error has been detected by the Java Runtime Environment:
#
#  SIGBUS (0xa) at pc=0x000000010bc0d4f0, pid=1728, tid=30475
#
# JRE version: Java(TM) SE Runtime Environment (17.0.1+12) (build 17.0.1+12-LTS-39)
# Java VM: Java HotSpot(TM) 64-Bit Server VM (17.0.1+12-LTS-39, mixed mode, sharing, tiered, compressed oops, compressed class ptrs, g1 gc, bsd-aarch64)
# Problematic frame:
# v  ~StubRoutines::SafeFetchN
#
# No core dump will be written. Core dumps have been disabled. To enable core dumping, try "ulimit -c unlimited" before starting Java again
#
# If you would like to submit a bug report, please visit:
#   https://bugreport.java.com/bugreport/crash.jsp
# The crash happened outside the Java Virtual Machine in native code.
# See problematic frame for where to report the bug.
#

---------------  S U M M A R Y ------------

Command Line: --module-path=/Users/tanmayagrawal/javafx-sdk-18/lib --add-modules=javafx.controls,javafx.fxml -Dfile.encoding=UTF-8 --module-path=/Users/tanmayagrawal/javafx-sdk-17.0.1/lib/javafx-swt.jar:/Users/tanmayagrawal/javafx-sdk-17.0.1/lib/javafx.base.jar:/Users/tanmayagrawal/javafx-sdk-17.0.1/lib/javafx.controls.jar:/Users/tanmayagrawal/javafx-sdk-17.0.1/lib/javafx.fxml.jar:/Users/tanmayagrawal/javafx-sdk-17.0.1/lib/javafx.graphics.jar:/Users/tanmayagrawal/javafx-sdk-17.0.1/lib/javafx.media.jar:/Users/tanmayagrawal/javafx-sdk-17.0.1/lib/javafx.swing.jar:/Users/tanmayagrawal/javafx-sdk-17.0.1/lib/javafx.web.jar -XX:+ShowCodeDetailsInExceptionMessages view.guitview

Host: "MacBookAir10,1" arm64 1 MHz, 8 cores, 16G, Darwin 21.4.0, macOS 12.3.1 (21E258)
Time: Sat Apr 30 16:19:52 2022 MST elapsed time: 5.230061 seconds (0d 0h 0m 5s)

---------------  T H R E A D  ---------------

Current thread (0x000000011d8f4c00):  JavaThread "InvokeLaterDispatcher" daemon [_thread_in_native, id=30475, stack(0x00000001707ec000,0x00000001709ef000)]

Stack: [0x00000001707ec000,0x00000001709ef000],  sp=0x00000001709ee7d0,  free space=2057k
Native frames: (J=compiled Java code, j=interpreted, Vv=VM code, C=native code)
v  ~StubRoutines::SafeFetchN
V  [libjvm.dylib+0x79e208]  OopStorage::release(oopDesc* const*)+0x20
V  [libjvm.dylib+0x4b8f30]  jni_DeleteGlobalRef+0xc4
C  [libglass.dylib+0xab08]  -[GlassRunnable dealloc]+0x34
C  [Foundation+0x85618]  -[_NSThreadPerformInfo dealloc]+0x30
C  [Foundation+0x5198c]  -[NSObject(NSThreadPerformAdditions) performSelectorOnMainThread:withObject:waitUntilDone:]+0x88
C  0xf77a0001138e39cc
J 3734 c1 com.sun.glass.ui.mac.MacApplication.submitForLaterInvocation(Ljava/lang/Runnable;)V javafx.graphics (6 bytes) @ 0x000000010c8f6fd8 [0x000000010c8f6f40+0x0000000000000098]
C  0x000000070e820028

Java frames: (J=compiled Java code, j=interpreted, Vv=VM code)
J 3814  com.sun.glass.ui.mac.MacApplication._submitForLaterInvocation(Ljava/lang/Runnable;)V javafx.graphics (0 bytes) @ 0x00000001138e39cc [0x00000001138e3940+0x000000000000008c]
J 3734 c1 com.sun.glass.ui.mac.MacApplication.submitForLaterInvocation(Ljava/lang/Runnable;)V javafx.graphics (6 bytes) @ 0x000000010c8f6fd8 [0x000000010c8f6f40+0x0000000000000098]
j  com.sun.glass.ui.InvokeLaterDispatcher.run()V+82 javafx.graphics
v  ~StubRoutines::call_stub

siginfo: si_signo: 10 (SIGBUS), si_code: 1 (BUS_ADRALN), si_addr: 0x000000010bc0d4f0

Register to memory mapping:

 x0=0x0000000103104fc8 is a global jni handle
 x1=0x0 is NULL
 x2=0x000000070d4aa440 is an oop: com.sun.glass.ui.InvokeLaterDispatcher$Future 
{0x000000070d4aa440} - klass: 'com/sun/glass/ui/InvokeLaterDispatcher$Future'
 - ---- fields (total size 3 words):
 - private 'done' 'Z' @12  true
 - private final 'runnable' 'Ljava/lang/Runnable;' @16  a 'com/sun/javafx/application/PlatformImpl$$Lambda$99+0x0000000800c84860'{0x000000070cfdde60} (e19fbbcc)
 - final synthetic 'this$0' 'Lcom/sun/glass/ui/InvokeLaterDispatcher;' @20  a 'com/sun/glass/ui/InvokeLaterDispatcher'{0x000000070e820028} (e1d04005)
 x3=0x0 is NULL
 x4=0x00000000000130a8 is an unknown value
 x5=0x0 is NULL
 x6=0x0 is NULL
 x7=0x0 is NULL
 x8=0x000000010bc0d4ec is at begin+0 in a stub
StubRoutines::SafeFetchN [0x000000010bc0d4ec, 0x000000010bc0d4f8] (12 bytes)
 x9=0x0 is NULL
x10=0x2010000030300000 is an unknown value
x11=0x0000000000000007 is an unknown value
x12=0x0000000000000004 is an unknown value
x13=0x00006000023dde10 points into unknown readable memory: 0x25710001895a3c40 | 40 3c 5a 89 01 00 71 25
x14=0x00001b0000000000 is an unknown value
x15=0x000000011d045f98: OBJC_CLASS_$_GlassRunnable+0 in /Users/tanmayagrawal/javafx-sdk-17.0.1/lib/libglass.dylib at 0x000000011d000000
x16=0x000000018970d0fc: pthread_getspecific+0 in /usr/lib/system/libsystem_pthread.dylib at 0x000000018970b000
x17=0x00006000029dcc60 points into unknown readable memory: 0xfffffffffffffffe | fe ff ff ff ff ff ff ff
x18=0x0 is NULL
x19=0x00006000026d41c0 points into unknown readable memory: 0x0000600000fcc080 | 80 c0 fc 00 00 60 00 00
x20=0x0000000103104dc0 points into unknown readable memory: 0x00000007ffd13e88 | 88 3e d1 ff 07 00 00 00
x21=0x0000000103104fc8 is a global jni handle
x22=0x000000011d8f4c00 is a thread
x23=0x0000000000000001 is an unknown value
x24=0x0000000103104f80 is a global jni handle
x25=0x00000001041395d8: _ZN12StubRoutines17_safefetchN_entryE+0 in /Library/Java/JavaVirtualMachines/jdk-17.0.1.jdk/Contents/Home/lib/server/libjvm.dylib at 0x00000001035a8000
x26=0x000000011cd173c0 is pointing into metadata
x27=0x0 is NULL
x28=0x000000011d8f4c00 is a thread


Registers:
 x0=0x0000000103104fc8  x1=0x0000000000000000  x2=0x000000070d4aa440  x3=0x0000000000000000
 x4=0x00000000000130a8  x5=0x0000000000000000  x6=0x0000000000000000  x7=0x0000000000000000
 x8=0x000000010bc0d4ec  x9=0x0000000000000000 x10=0x2010000030300000 x11=0x0000000000000007
x12=0x0000000000000004 x13=0x00006000023dde10 x14=0x00001b0000000000 x15=0x000000011d045f98
x16=0x000000018970d0fc x17=0x00006000029dcc60 x18=0x0000000000000000 x19=0x00006000026d41c0
x20=0x0000000103104dc0 x21=0x0000000103104fc8 x22=0x000000011d8f4c00 x23=0x0000000000000001
x24=0x0000000103104f80 x25=0x00000001041395d8 x26=0x000000011cd173c0 x27=0x0000000000000000
x28=0x000000011d8f4c00  fp=0x00000001709ee810  lr=0x0000000103d44fd8  sp=0x00000001709ee7d0
pc=0x000000010bc0d4f0 cpsr=0x0000000060001000
Top of Stack: (sp=0x00000001709ee7d0)
0x00000001709ee7d0:   000000011cd173c0 0000000000000001
0x00000001709ee7e0:   0000000800c2abc0 0000600000fd3180
0x00000001709ee7f0:   0000000000000000 0000000103104f80
0x00000001709ee800:   0000000103104f80 00006000026d41c0
0x00000001709ee810:   00000001709ee850 0000000103d46208
0x00000001709ee820:   0000000000000001 0000000103104f80
0x00000001709ee830:   0000000000000000 0000000103104f80
0x00000001709ee840:   0000000000000001 000000011e01e400
0x00000001709ee850:   00000001709ee880 0000000103a60f30
0x00000001709ee860:   0000600000fd3190 00000001d37d2be0
0x00000001709ee870:   0000000000000000 0000600000fd3190
0x00000001709ee880:   00000001709ee8b0 000000011d00ab08
0x00000001709ee890:   5a78e8a99c0a0053 0000000000000000
0x00000001709ee8a0:   0000000000000000 0000600001884d40
0x00000001709ee8b0:   00000001709ee8f0 000000018a6da618
0x00000001709ee8c0:   0000000800c2abc0 0000600000fd3180
0x00000001709ee8d0:   0000600000fd3190 5a78e8a99c0a0053
0x00000001709ee8e0:   0000000000000000 0000000000000000
0x00000001709ee8f0:   00000001709ee930 015100018a6a698c
0x00000001709ee900:   0000000800c2abc0 000000010bc147c0
0x00000001709ee910:   000000011cd16dfa 0000000104140f90
0x00000001709ee920:   00000001709eea10 00000000000000b9
0x00000001709ee930:   00000001709ee990 f77a0001138e39cc
0x00000001709ee940:   000000070e80c218 000000070d4aa440
0x00000001709ee950:   00000001709eeab8 0000000189719630
0x00000001709ee960:   000000011d8f4c00 000000010411ddb0
0x00000001709ee970:   00000001709eea20 0000000000000001
0x00000001709ee980:   00000001709ee9c0 000000070e9c3650
0x00000001709ee990:   00000001709eea80 000000010c8f6fd8
0x00000001709ee9a0:   000000070d4aa440 000000070cfdde60
0x00000001709ee9b0:   00000001709eea18 00000000000000b6
0x00000001709ee9c0:   00000001709eea80 304600010bc232a0 

Instructions: (pc=0x000000010bc0d4f0)
0x000000010bc0d3f0:   f2a08209 f2c00029 6d425935 1e640886
0x000000010bc0d400:   0c402d31 1e6408c7 1f5654d0 1e6c1017
0x000000010bc0d410:   1f5050d0 1f504cd0 1f5048d0 1e650af6
0x000000010bc0d420:   1f50d8f6 1f5694d6 1f5158f6 1e762880
0x000000010bc0d430:   36000501 1e614000 14000026 2e251ca5
0x000000010bc0d440:   d28c3009 f2a08209 f2c00029 6d425d36
0x000000010bc0d450:   1e600806 0c402d32 1f5758c7 1e6c101a
0x000000010bc0d460:   1f4754c7 1e650805 1f4750c7 d2866668
0x000000010bc0d470:   f2a7fa68 1f474cc7 1e6608c0 1f4748c7
0x000000010bc0d480:   1e6e1019 eb08007f 540000ac 1f479400
0x000000010bc0d490:   1f460340 1e603b20 1400000e d2a7fd29
0x000000010bc0d4a0:   eb09007f 540000ac 51480069 d3607d29
0x000000010bc0d4b0:   9e670121 14000002 1e6a5001 1f679417
0x000000010bc0d4c0:   1f668742 1e613b23 1e773857 1e773860
0x000000010bc0d4d0:   a8c17ff3 910003bf a8c17bfd d65f03c0
0x000000010bc0d4e0:   b9400001 aa0103e0 d65f03c0 f9400001
0x000000010bc0d4f0:   aa0103e0 d65f03c0 00000000 00000000
0x000000010bc0d500:   00000000 00000000 00000000 00000000
0x000000010bc0d510:   00000000 00000000 00000000 00000000
0x000000010bc0d520:   00000000 00000000 00000000 00000000
0x000000010bc0d530:   00000000 00000000 00000000 00000000
0x000000010bc0d540:   00000000 00000000 00000000 00000000
0x000000010bc0d550:   00000000 00000000 00000000 00000000
0x000000010bc0d560:   00000000 00000000 00000000 00000000
0x000000010bc0d570:   00000000 00000000 00000000 00000000
0x000000010bc0d580:   00000000 00000000 00000000 00000000
0x000000010bc0d590:   00000000 00000000 00000000 00000000
0x000000010bc0d5a0:   00000000 00000000 00000000 00000000
0x000000010bc0d5b0:   00000000 00000000 00000000 00000000
0x000000010bc0d5c0:   00000000 00000000 00000000 00000000
0x000000010bc0d5d0:   00000000 00000000 00000000 00000000
0x000000010bc0d5e0:   00000000 00000000 00000000 00000000 


Stack slot to memory mapping:
stack at sp + 0 slots: 0x000000011cd173c0 is pointing into metadata
stack at sp + 1 slots: 0x0000000000000001 is an unknown value
stack at sp + 2 slots: 0x0000000800c2abc0 is a pointer to class: 
com.sun.glass.ui.mac.MacApplication {0x0000000800c2abc0}
 - instance size:     5
 - klass size:        136
 - access:            final synchronized 
 - state:             fully_initialized
 - name:              'com/sun/glass/ui/mac/MacApplication'
 - super:             'com/sun/glass/ui/Application'
 - sub:               
 - arrays:            NULL
 - methods:           Array<T>(0x000000011cced340)
 - method ordering:   Array<T>(0x0000000800918908)
 - default_methods:   Array<T>(0x0000000000000000)
 - local interfaces:  Array<T>(0x000000011cceffb8)
 - trans. interfaces: Array<T>(0x000000011cceffb8)
 - constants:         constant pool [548]/operands[69] {0x000000011cceee50} for 'com/sun/glass/ui/mac/MacApplication' cache=0x000000011cd14d58
 - class loader data:  loader data: 0x0000600003cd4000 for instance a 'jdk/internal/loader/ClassLoaders$AppClassLoader'{0x000000070e82ab00}
 - source file:       'MacApplication.java'
 - class annotations:       Array<T>(0x0000000000000000)
 - class type annotations:  Array<T>(0x0000000000000000)
 - field annotations:       Array<T>(0x0000000000000000)
 - field type annotations:  Array<T>(0x0000000000000000)
 - inner classes:     Array<T>(0x000000011ccf1a40)
 - nest members:     Array<T>(0x000000011ccf1a98)
 - permitted subclasses:     Array<T>(0x00000008005c37e0)
 - java mirror:       a 'java/lang/Class'{0x000000070e80c1a0} = 'com/sun/glass/ui/mac/MacApplication'
 - vtable length      72  (start addr: 0x0000000800c2ad90)
 - itable length      5 (start addr: 0x0000000800c2afd0)
 - ---- static fields (1 words):
 - static final 'BROWSER_PARENT_ID' 'J' @112 
 - ---- non-static fields (7 words):
 - private 'initialActiveEventReceived' 'Z' @12 
 - private 'terminateWhenLastWindowClosed' 'Z' @13 
 - protected 'name' 'Ljava/lang/String;' @16 
 - private 'eventHandler' 'Lcom/sun/glass/ui/Application$EventHandler;' @20 
 - private 'initialOpenedFiles' '[Ljava/lang/String;' @24 
 - private 'isTaskbarApplication' 'Z' @14 
 - private 'firstDidResignActive' 'Z' @15 
 - private final 'invokeLaterDispatcher' 'Lcom/sun/glass/ui/InvokeLaterDispatcher;' @28 
 - private 'appleMenu' 'Lcom/sun/glass/ui/Menu;' @32 
 - private final 'reactivationLatch' 'Ljava/util/concurrent/CountDownLatch;' @36 
 - non-static oop maps: 16-36 
stack at sp + 3 slots: 0x0000600000fd3180 points into unknown readable memory: 0x01000001e1ebe011 | 11 e0 eb e1 01 00 00 01
stack at sp + 4 slots: 0x0 is NULL
stack at sp + 5 slots: 0x0000000103104f80 is a global jni handle
stack at sp + 6 slots: 0x0000000103104f80 is a global jni handle
stack at sp + 7 slots: 0x00006000026d41c0 points into unknown readable memory: 0x0000600000fcc080 | 80 c0 fc 00 00 60 00 00

StubRoutines::SafeFetchN [0x000000010bc0d4ec, 0x000000010bc0d4f8] (12 bytes)
[MachCode]
  0x000000010bc0d4ec: 0100 40f9 | e003 01aa | c003 5fd6 
[/MachCode]

---------------  P R O C E S S  ---------------

Threads class SMR info:
_java_thread_list=0x0000600000d373a0, length=18, elements={
0x000000011d819200, 0x000000013a008200, 0x000000013a00aa00, 0x000000011e01ea00,
0x000000011f808200, 0x000000011f82aa00, 0x000000011f82b000, 0x000000011f82b600,
0x000000013a00c000, 0x000000011c088800, 0x000000011c08a400, 0x000000011c08aa00,
0x000000011d8f4c00, 0x000000011e01e400, 0x000000011e2e2e00, 0x000000011d904800,
0x000000011f1f9200, 0x000000011f206a00
}

Java Threads: ( => current thread )
  0x000000011d819200 JavaThread "main" [_thread_blocked, id=5635, stack(0x000000016dbd8000,0x000000016dddb000)]
  0x000000013a008200 JavaThread "Reference Handler" daemon [_thread_blocked, id=17667, stack(0x000000016ea2c000,0x000000016ec2f000)]
  0x000000013a00aa00 JavaThread "Finalizer" daemon [_thread_blocked, id=16643, stack(0x000000016ec38000,0x000000016ee3b000)]
  0x000000011e01ea00 JavaThread "Signal Dispatcher" daemon [_thread_blocked, id=22787, stack(0x000000016ef5c000,0x000000016f15f000)]
  0x000000011f808200 JavaThread "Service Thread" daemon [_thread_blocked, id=23299, stack(0x000000016f168000,0x000000016f36b000)]
  0x000000011f82aa00 JavaThread "Monitor Deflation Thread" daemon [_thread_blocked, id=23811, stack(0x000000016f374000,0x000000016f577000)]
  0x000000011f82b000 JavaThread "C2 CompilerThread0" daemon [_thread_blocked, id=24323, stack(0x000000016f580000,0x000000016f783000)]
  0x000000011f82b600 JavaThread "C1 CompilerThread0" daemon [_thread_blocked, id=42243, stack(0x000000016f78c000,0x000000016f98f000)]
  0x000000013a00c000 JavaThread "Sweeper thread" daemon [_thread_blocked, id=24835, stack(0x000000016f998000,0x000000016fb9b000)]
  0x000000011c088800 JavaThread "Common-Cleaner" daemon [_thread_blocked, id=25347, stack(0x000000016fba4000,0x000000016fda7000)]
  0x000000011c08a400 JavaThread "Notification Thread" daemon [_thread_blocked, id=40963, stack(0x00000001701c8000,0x00000001703cb000)]
  0x000000011c08aa00 JavaThread "QuantumRenderer-0" daemon [_thread_blocked, id=40195, stack(0x00000001705e0000,0x00000001707e3000)]
=>0x000000011d8f4c00 JavaThread "InvokeLaterDispatcher" daemon [_thread_in_native, id=30475, stack(0x00000001707ec000,0x00000001709ef000)]
  0x000000011e01e400 JavaThread "JavaFX Application Thread" [_thread_in_native, id=259, stack(0x000000016d350000,0x000000016db4c000)]
  0x000000011e2e2e00 JavaThread "PulseTimer-CVDisplayLink thread" daemon [_thread_in_native, id=82695, stack(0x000000016fdb0000,0x000000016fe33000)]
  0x000000011d904800 JavaThread "JavaFX-Launcher" [_thread_blocked, id=50947, stack(0x000000016fec8000,0x00000001700cb000)]
  0x000000011f1f9200 JavaThread "Prism Font Disposer" daemon [_thread_blocked, id=57095, stack(0x0000000176a70000,0x0000000176c73000)]
  0x000000011f206a00 JavaThread "Cleaner-0" daemon [_thread_blocked, id=63243, stack(0x0000000280004000,0x0000000280207000)]

Other Threads:
  0x000000011e8064a0 VMThread "VM Thread" [stack: 0x000000016e820000,0x000000016ea23000] [id=15875]
  0x000000010331e190 WatcherThread [stack: 0x00000001703d4000,0x00000001705d7000] [id=40707]
  0x000000011d607f60 GCTaskThread "GC Thread#0" [stack: 0x000000016dde4000,0x000000016dfe7000] [id=12547]
  0x000000011d617eb0 GCTaskThread "GC Thread#1" [stack: 0x00000001709f8000,0x0000000170bfb000] [id=52995]
  0x000000011d618160 GCTaskThread "GC Thread#2" [stack: 0x0000000170c90000,0x0000000170e93000] [id=73987]
  0x000000010332cf90 GCTaskThread "GC Thread#3" [stack: 0x0000000170e9c000,0x000000017109f000] [id=73475]
  0x000000010332d410 GCTaskThread "GC Thread#4" [stack: 0x00000001710a8000,0x00000001712ab000] [id=72963]
  0x000000010332d890 GCTaskThread "GC Thread#5" [stack: 0x00000001712b4000,0x00000001714b7000] [id=72707]
  0x000000011d608610 ConcurrentGCThread "G1 Main Marker" [stack: 0x000000016dff0000,0x000000016e1f3000] [id=12803]
  0x0000000103204080 ConcurrentGCThread "G1 Conc#0" [stack: 0x000000016e1fc000,0x000000016e3ff000] [id=19459]
  0x0000000103304080 ConcurrentGCThread "G1 Refine#0" [stack: 0x000000016e408000,0x000000016e60b000] [id=14083]
  0x0000000103304920 ConcurrentGCThread "G1 Service" [stack: 0x000000016e614000,0x000000016e817000] [id=14595]

Threads with active compile tasks:

VM state: not at safepoint (normal execution)

VM Mutex/Monitor currently owned by a thread: None

Heap address: 0x0000000700000000, size: 4096 MB, Compressed Oops mode: Zero based, Oop shift amount: 3

CDS archive(s) mapped at: [0x0000000800000000-0x0000000800bd4000-0x0000000800bd4000), size 12402688, SharedBaseAddress: 0x0000000800000000, ArchiveRelocationMode: 0.
Compressed class space mapped at: 0x0000000800c00000-0x0000000840c00000, reserved size: 1073741824
Narrow klass base: 0x0000000800000000, Narrow klass shift: 0, Narrow klass range: 0x100000000

GC Precious Log:
 CPUs: 8 total, 8 available
 Memory: 16384M
 Large Page Support: Disabled
 NUMA Support: Disabled
 Compressed Oops: Enabled (Zero based)
 Heap Region Size: 2M
 Heap Min Capacity: 8M
 Heap Initial Capacity: 256M
 Heap Max Capacity: 4G
 Pre-touch: Disabled
 Parallel Workers: 8
 Concurrent Workers: 2
 Concurrent Refinement Workers: 8
 Periodic GC: Disabled

Heap:
 garbage-first heap   total 266240K, used 61578K [0x0000000700000000, 0x0000000800000000)
  region size 2048K, 29 young (59392K), 2 survivors (4096K)
 Metaspace       used 12668K, committed 12864K, reserved 1064960K
  class space    used 1655K, committed 1728K, reserved 1048576K

Heap Regions: E=young(eden), S=young(survivor), O=old, HS=humongous(starts), HC=humongous(continues), CS=collection set, F=free, OA=open archive, CA=closed archive, TAMS=top-at-mark-start (previous, next)
|   0|0x0000000700000000, 0x0000000700200000, 0x0000000700200000|100%|HS|  |TAMS 0x0000000700000000, 0x0000000700000000| Complete 
|   1|0x0000000700200000, 0x0000000700400000, 0x0000000700400000|100%|HS|  |TAMS 0x0000000700200000, 0x0000000700200000| Complete 
|   2|0x0000000700400000, 0x0000000700400000, 0x0000000700600000|  0%| F|  |TAMS 0x0000000700400000, 0x0000000700400000| Untracked 
|   3|0x0000000700600000, 0x0000000700600000, 0x0000000700800000|  0%| F|  |TAMS 0x0000000700600000, 0x0000000700600000| Untracked 
|   4|0x0000000700800000, 0x0000000700800000, 0x0000000700a00000|  0%| F|  |TAMS 0x0000000700800000, 0x0000000700800000| Untracked 
|   5|0x0000000700a00000, 0x0000000700a00000, 0x0000000700c00000|  0%| F|  |TAMS 0x0000000700a00000, 0x0000000700a00000| Untracked 
|   6|0x0000000700c00000, 0x0000000700c00000, 0x0000000700e00000|  0%| F|  |TAMS 0x0000000700c00000, 0x0000000700c00000| Untracked 
|   7|0x0000000700e00000, 0x0000000700e00000, 0x0000000701000000|  0%| F|  |TAMS 0x0000000700e00000, 0x0000000700e00000| Untracked 
|   8|0x0000000701000000, 0x0000000701000000, 0x0000000701200000|  0%| F|  |TAMS 0x0000000701000000, 0x0000000701000000| Untracked 
|   9|0x0000000701200000, 0x0000000701200000, 0x0000000701400000|  0%| F|  |TAMS 0x0000000701200000, 0x0000000701200000| Untracked 
|  10|0x0000000701400000, 0x0000000701400000, 0x0000000701600000|  0%| F|  |TAMS 0x0000000701400000, 0x0000000701400000| Untracked 
|  11|0x0000000701600000, 0x0000000701600000, 0x0000000701800000|  0%| F|  |TAMS 0x0000000701600000, 0x0000000701600000| Untracked 
|  12|0x0000000701800000, 0x0000000701800000, 0x0000000701a00000|  0%| F|  |TAMS 0x0000000701800000, 0x0000000701800000| Untracked 
|  13|0x0000000701a00000, 0x0000000701a00000, 0x0000000701c00000|  0%| F|  |TAMS 0x0000000701a00000, 0x0000000701a00000| Untracked 
|  14|0x0000000701c00000, 0x0000000701c00000, 0x0000000701e00000|  0%| F|  |TAMS 0x0000000701c00000, 0x0000000701c00000| Untracked 
|  15|0x0000000701e00000, 0x0000000701e00000, 0x0000000702000000|  0%| F|  |TAMS 0x0000000701e00000, 0x0000000701e00000| Untracked 
|  16|0x0000000702000000, 0x0000000702000000, 0x0000000702200000|  0%| F|  |TAMS 0x0000000702000000, 0x0000000702000000| Untracked 
|  17|0x0000000702200000, 0x0000000702200000, 0x0000000702400000|  0%| F|  |TAMS 0x0000000702200000, 0x0000000702200000| Untracked 
|  18|0x0000000702400000, 0x0000000702400000, 0x0000000702600000|  0%| F|  |TAMS 0x0000000702400000, 0x0000000702400000| Untracked 
|  19|0x0000000702600000, 0x0000000702600000, 0x0000000702800000|  0%| F|  |TAMS 0x0000000702600000, 0x0000000702600000| Untracked 
|  20|0x0000000702800000, 0x0000000702800000, 0x0000000702a00000|  0%| F|  |TAMS 0x0000000702800000, 0x0000000702800000| Untracked 
|  21|0x0000000702a00000, 0x0000000702a00000, 0x0000000702c00000|  0%| F|  |TAMS 0x0000000702a00000, 0x0000000702a00000| Untracked 
|  22|0x0000000702c00000, 0x0000000702c00000, 0x0000000702e00000|  0%| F|  |TAMS 0x0000000702c00000, 0x0000000702c00000| Untracked 
|  23|0x0000000702e00000, 0x0000000702e00000, 0x0000000703000000|  0%| F|  |TAMS 0x0000000702e00000, 0x0000000702e00000| Untracked 
|  24|0x0000000703000000, 0x0000000703000000, 0x0000000703200000|  0%| F|  |TAMS 0x0000000703000000, 0x0000000703000000| Untracked 
|  25|0x0000000703200000, 0x0000000703200000, 0x0000000703400000|  0%| F|  |TAMS 0x0000000703200000, 0x0000000703200000| Untracked 
|  26|0x0000000703400000, 0x0000000703400000, 0x0000000703600000|  0%| F|  |TAMS 0x0000000703400000, 0x0000000703400000| Untracked 
|  27|0x0000000703600000, 0x0000000703600000, 0x0000000703800000|  0%| F|  |TAMS 0x0000000703600000, 0x0000000703600000| Untracked 
|  28|0x0000000703800000, 0x0000000703800000, 0x0000000703a00000|  0%| F|  |TAMS 0x0000000703800000, 0x0000000703800000| Untracked 
|  29|0x0000000703a00000, 0x0000000703a00000, 0x0000000703c00000|  0%| F|  |TAMS 0x0000000703a00000, 0x0000000703a00000| Untracked 
|  30|0x0000000703c00000, 0x0000000703c00000, 0x0000000703e00000|  0%| F|  |TAMS 0x0000000703c00000, 0x0000000703c00000| Untracked 
|  31|0x0000000703e00000, 0x0000000703e00000, 0x0000000704000000|  0%| F|  |TAMS 0x0000000703e00000, 0x0000000703e00000| Untracked 
|  32|0x0000000704000000, 0x0000000704000000, 0x0000000704200000|  0%| F|  |TAMS 0x0000000704000000, 0x0000000704000000| Untracked 
|  33|0x0000000704200000, 0x0000000704200000, 0x0000000704400000|  0%| F|  |TAMS 0x0000000704200000, 0x0000000704200000| Untracked 
|  34|0x0000000704400000, 0x0000000704400000, 0x0000000704600000|  0%| F|  |TAMS 0x0000000704400000, 0x0000000704400000| Untracked 
|  35|0x0000000704600000, 0x0000000704600000, 0x0000000704800000|  0%| F|  |TAMS 0x0000000704600000, 0x0000000704600000| Untracked 
|  36|0x0000000704800000, 0x0000000704800000, 0x0000000704a00000|  0%| F|  |TAMS 0x0000000704800000, 0x0000000704800000| Untracked 
|  37|0x0000000704a00000, 0x0000000704a00000, 0x0000000704c00000|  0%| F|  |TAMS 0x0000000704a00000, 0x0000000704a00000| Untracked 
|  38|0x0000000704c00000, 0x0000000704c00000, 0x0000000704e00000|  0%| F|  |TAMS 0x0000000704c00000, 0x0000000704c00000| Untracked 
|  39|0x0000000704e00000, 0x0000000704e00000, 0x0000000705000000|  0%| F|  |TAMS 0x0000000704e00000, 0x0000000704e00000| Untracked 
|  40|0x0000000705000000, 0x0000000705000000, 0x0000000705200000|  0%| F|  |TAMS 0x0000000705000000, 0x0000000705000000| Untracked 
|  41|0x0000000705200000, 0x0000000705200000, 0x0000000705400000|  0%| F|  |TAMS 0x0000000705200000, 0x0000000705200000| Untracked 
|  42|0x0000000705400000, 0x0000000705400000, 0x0000000705600000|  0%| F|  |TAMS 0x0000000705400000, 0x0000000705400000| Untracked 
|  43|0x0000000705600000, 0x0000000705600000, 0x0000000705800000|  0%| F|  |TAMS 0x0000000705600000, 0x0000000705600000| Untracked 
|  44|0x0000000705800000, 0x0000000705800000, 0x0000000705a00000|  0%| F|  |TAMS 0x0000000705800000, 0x0000000705800000| Untracked 
|  45|0x0000000705a00000, 0x0000000705a00000, 0x0000000705c00000|  0%| F|  |TAMS 0x0000000705a00000, 0x0000000705a00000| Untracked 
|  46|0x0000000705c00000, 0x0000000705c00000, 0x0000000705e00000|  0%| F|  |TAMS 0x0000000705c00000, 0x0000000705c00000| Untracked 
|  47|0x0000000705e00000, 0x0000000705e00000, 0x0000000706000000|  0%| F|  |TAMS 0x0000000705e00000, 0x0000000705e00000| Untracked 
|  48|0x0000000706000000, 0x0000000706000000, 0x0000000706200000|  0%| F|  |TAMS 0x0000000706000000, 0x0000000706000000| Untracked 
|  49|0x0000000706200000, 0x0000000706200000, 0x0000000706400000|  0%| F|  |TAMS 0x0000000706200000, 0x0000000706200000| Untracked 
|  50|0x0000000706400000, 0x0000000706400000, 0x0000000706600000|  0%| F|  |TAMS 0x0000000706400000, 0x0000000706400000| Untracked 
|  51|0x0000000706600000, 0x0000000706600000, 0x0000000706800000|  0%| F|  |TAMS 0x0000000706600000, 0x0000000706600000| Untracked 
|  52|0x0000000706800000, 0x0000000706800000, 0x0000000706a00000|  0%| F|  |TAMS 0x0000000706800000, 0x0000000706800000| Untracked 
|  53|0x0000000706a00000, 0x0000000706a00000, 0x0000000706c00000|  0%| F|  |TAMS 0x0000000706a00000, 0x0000000706a00000| Untracked 
|  54|0x0000000706c00000, 0x0000000706c00000, 0x0000000706e00000|  0%| F|  |TAMS 0x0000000706c00000, 0x0000000706c00000| Untracked 
|  55|0x0000000706e00000, 0x0000000706e00000, 0x0000000707000000|  0%| F|  |TAMS 0x0000000706e00000, 0x0000000706e00000| Untracked 
|  56|0x0000000707000000, 0x0000000707000000, 0x0000000707200000|  0%| F|  |TAMS 0x0000000707000000, 0x0000000707000000| Untracked 
|  57|0x0000000707200000, 0x0000000707200000, 0x0000000707400000|  0%| F|  |TAMS 0x0000000707200000, 0x0000000707200000| Untracked 
|  58|0x0000000707400000, 0x0000000707400000, 0x0000000707600000|  0%| F|  |TAMS 0x0000000707400000, 0x0000000707400000| Untracked 
|  59|0x0000000707600000, 0x0000000707600000, 0x0000000707800000|  0%| F|  |TAMS 0x0000000707600000, 0x0000000707600000| Untracked 
|  60|0x0000000707800000, 0x0000000707800000, 0x0000000707a00000|  0%| F|  |TAMS 0x0000000707800000, 0x0000000707800000| Untracked 
|  61|0x0000000707a00000, 0x0000000707a00000, 0x0000000707c00000|  0%| F|  |TAMS 0x0000000707a00000, 0x0000000707a00000| Untracked 
|  62|0x0000000707c00000, 0x0000000707c00000, 0x0000000707e00000|  0%| F|  |TAMS 0x0000000707c00000, 0x0000000707c00000| Untracked 
|  63|0x0000000707e00000, 0x0000000707e00000, 0x0000000708000000|  0%| F|  |TAMS 0x0000000707e00000, 0x0000000707e00000| Untracked 
|  64|0x0000000708000000, 0x0000000708000000, 0x0000000708200000|  0%| F|  |TAMS 0x0000000708000000, 0x0000000708000000| Untracked 
|  65|0x0000000708200000, 0x0000000708200000, 0x0000000708400000|  0%| F|  |TAMS 0x0000000708200000, 0x0000000708200000| Untracked 
|  66|0x0000000708400000, 0x0000000708400000, 0x0000000708600000|  0%| F|  |TAMS 0x0000000708400000, 0x0000000708400000| Untracked 
|  67|0x0000000708600000, 0x0000000708600000, 0x0000000708800000|  0%| F|  |TAMS 0x0000000708600000, 0x0000000708600000| Untracked 
|  68|0x0000000708800000, 0x0000000708800000, 0x0000000708a00000|  0%| F|  |TAMS 0x0000000708800000, 0x0000000708800000| Untracked 
|  69|0x0000000708a00000, 0x0000000708a00000, 0x0000000708c00000|  0%| F|  |TAMS 0x0000000708a00000, 0x0000000708a00000| Untracked 
|  70|0x0000000708c00000, 0x0000000708c00000, 0x0000000708e00000|  0%| F|  |TAMS 0x0000000708c00000, 0x0000000708c00000| Untracked 
|  71|0x0000000708e00000, 0x0000000708e00000, 0x0000000709000000|  0%| F|  |TAMS 0x0000000708e00000, 0x0000000708e00000| Untracked 
|  72|0x0000000709000000, 0x0000000709000000, 0x0000000709200000|  0%| F|  |TAMS 0x0000000709000000, 0x0000000709000000| Untracked 
|  73|0x0000000709200000, 0x0000000709200000, 0x0000000709400000|  0%| F|  |TAMS 0x0000000709200000, 0x0000000709200000| Untracked 
|  74|0x0000000709400000, 0x0000000709400000, 0x0000000709600000|  0%| F|  |TAMS 0x0000000709400000, 0x0000000709400000| Untracked 
|  75|0x0000000709600000, 0x0000000709600000, 0x0000000709800000|  0%| F|  |TAMS 0x0000000709600000, 0x0000000709600000| Untracked 
|  76|0x0000000709800000, 0x0000000709800000, 0x0000000709a00000|  0%| F|  |TAMS 0x0000000709800000, 0x0000000709800000| Untracked 
|  77|0x0000000709a00000, 0x0000000709a00000, 0x0000000709c00000|  0%| F|  |TAMS 0x0000000709a00000, 0x0000000709a00000| Untracked 
|  78|0x0000000709c00000, 0x0000000709c00000, 0x0000000709e00000|  0%| F|  |TAMS 0x0000000709c00000, 0x0000000709c00000| Untracked 
|  79|0x0000000709e00000, 0x0000000709e00000, 0x000000070a000000|  0%| F|  |TAMS 0x0000000709e00000, 0x0000000709e00000| Untracked 
|  80|0x000000070a000000, 0x000000070a000000, 0x000000070a200000|  0%| F|  |TAMS 0x000000070a000000, 0x000000070a000000| Untracked 
|  81|0x000000070a200000, 0x000000070a200000, 0x000000070a400000|  0%| F|  |TAMS 0x000000070a200000, 0x000000070a200000| Untracked 
|  82|0x000000070a400000, 0x000000070a400000, 0x000000070a600000|  0%| F|  |TAMS 0x000000070a400000, 0x000000070a400000| Untracked 
|  83|0x000000070a600000, 0x000000070a600000, 0x000000070a800000|  0%| F|  |TAMS 0x000000070a600000, 0x000000070a600000| Untracked 
|  84|0x000000070a800000, 0x000000070a800000, 0x000000070aa00000|  0%| F|  |TAMS 0x000000070a800000, 0x000000070a800000| Untracked 
|  85|0x000000070aa00000, 0x000000070aa00000, 0x000000070ac00000|  0%| F|  |TAMS 0x000000070aa00000, 0x000000070aa00000| Untracked 
|  86|0x000000070ac00000, 0x000000070ac00000, 0x000000070ae00000|  0%| F|  |TAMS 0x000000070ac00000, 0x000000070ac00000| Untracked 
|  87|0x000000070ae00000, 0x000000070ae00000, 0x000000070b000000|  0%| F|  |TAMS 0x000000070ae00000, 0x000000070ae00000| Untracked 
|  88|0x000000070b000000, 0x000000070b000000, 0x000000070b200000|  0%| F|  |TAMS 0x000000070b000000, 0x000000070b000000| Untracked 
|  89|0x000000070b200000, 0x000000070b200000, 0x000000070b400000|  0%| F|  |TAMS 0x000000070b200000, 0x000000070b200000| Untracked 
|  90|0x000000070b400000, 0x000000070b400000, 0x000000070b600000|  0%| F|  |TAMS 0x000000070b400000, 0x000000070b400000| Untracked 
|  91|0x000000070b600000, 0x000000070b600000, 0x000000070b800000|  0%| F|  |TAMS 0x000000070b600000, 0x000000070b600000| Untracked 
|  92|0x000000070b800000, 0x000000070b800000, 0x000000070ba00000|  0%| F|  |TAMS 0x000000070b800000, 0x000000070b800000| Untracked 
|  93|0x000000070ba00000, 0x000000070ba00000, 0x000000070bc00000|  0%| F|  |TAMS 0x000000070ba00000, 0x000000070ba00000| Untracked 
|  94|0x000000070bc00000, 0x000000070bc00000, 0x000000070be00000|  0%| F|  |TAMS 0x000000070bc00000, 0x000000070bc00000| Untracked 
|  95|0x000000070be00000, 0x000000070be00000, 0x000000070c000000|  0%| F|  |TAMS 0x000000070be00000, 0x000000070be00000| Untracked 
|  96|0x000000070c000000, 0x000000070c000000, 0x000000070c200000|  0%| F|  |TAMS 0x000000070c000000, 0x000000070c000000| Untracked 
|  97|0x000000070c200000, 0x000000070c200000, 0x000000070c400000|  0%| F|  |TAMS 0x000000070c200000, 0x000000070c200000| Untracked 
|  98|0x000000070c400000, 0x000000070c400000, 0x000000070c600000|  0%| F|  |TAMS 0x000000070c400000, 0x000000070c400000| Untracked 
|  99|0x000000070c600000, 0x000000070c6a5d88, 0x000000070c800000| 32%| E|  |TAMS 0x000000070c600000, 0x000000070c600000| Complete 
| 100|0x000000070c800000, 0x000000070ca00000, 0x000000070ca00000|100%| E|CS|TAMS 0x000000070c800000, 0x000000070c800000| Complete 
| 101|0x000000070ca00000, 0x000000070cc00000, 0x000000070cc00000|100%| E|CS|TAMS 0x000000070ca00000, 0x000000070ca00000| Complete 
| 102|0x000000070cc00000, 0x000000070ce00000, 0x000000070ce00000|100%| E|CS|TAMS 0x000000070cc00000, 0x000000070cc00000| Complete 
| 103|0x000000070ce00000, 0x000000070d000000, 0x000000070d000000|100%| E|CS|TAMS 0x000000070ce00000, 0x000000070ce00000| Complete 
| 104|0x000000070d000000, 0x000000070d200000, 0x000000070d200000|100%| E|CS|TAMS 0x000000070d000000, 0x000000070d000000| Complete 
| 105|0x000000070d200000, 0x000000070d400000, 0x000000070d400000|100%| E|CS|TAMS 0x000000070d200000, 0x000000070d200000| Complete 
| 106|0x000000070d400000, 0x000000070d600000, 0x000000070d600000|100%| E|CS|TAMS 0x000000070d400000, 0x000000070d400000| Complete 
| 107|0x000000070d600000, 0x000000070d800000, 0x000000070d800000|100%| E|CS|TAMS 0x000000070d600000, 0x000000070d600000| Complete 
| 108|0x000000070d800000, 0x000000070da00000, 0x000000070da00000|100%| E|CS|TAMS 0x000000070d800000, 0x000000070d800000| Complete 
| 109|0x000000070da00000, 0x000000070dc00000, 0x000000070dc00000|100%| E|CS|TAMS 0x000000070da00000, 0x000000070da00000| Complete 
| 110|0x000000070dc00000, 0x000000070de00000, 0x000000070de00000|100%| E|CS|TAMS 0x000000070dc00000, 0x000000070dc00000| Complete 
| 111|0x000000070de00000, 0x000000070e000000, 0x000000070e000000|100%| E|CS|TAMS 0x000000070de00000, 0x000000070de00000| Complete 
| 112|0x000000070e000000, 0x000000070e200000, 0x000000070e200000|100%| E|CS|TAMS 0x000000070e000000, 0x000000070e000000| Complete 
| 113|0x000000070e200000, 0x000000070e400000, 0x000000070e400000|100%| E|CS|TAMS 0x000000070e200000, 0x000000070e200000| Complete 
| 114|0x000000070e400000, 0x000000070e600000, 0x000000070e600000|100%| E|CS|TAMS 0x000000070e400000, 0x000000070e400000| Complete 
| 115|0x000000070e600000, 0x000000070e62aaa0, 0x000000070e800000|  8%| S|CS|TAMS 0x000000070e600000, 0x000000070e600000| Complete 
| 116|0x000000070e800000, 0x000000070ea00000, 0x000000070ea00000|100%| S|CS|TAMS 0x000000070e800000, 0x000000070e800000| Complete 
| 117|0x000000070ea00000, 0x000000070ec00000, 0x000000070ec00000|100%| E|CS|TAMS 0x000000070ea00000, 0x000000070ea00000| Complete 
| 118|0x000000070ec00000, 0x000000070ee00000, 0x000000070ee00000|100%| E|CS|TAMS 0x000000070ec00000, 0x000000070ec00000| Complete 
| 119|0x000000070ee00000, 0x000000070f000000, 0x000000070f000000|100%| E|CS|TAMS 0x000000070ee00000, 0x000000070ee00000| Complete 
| 120|0x000000070f000000, 0x000000070f200000, 0x000000070f200000|100%| E|CS|TAMS 0x000000070f000000, 0x000000070f000000| Complete 
| 121|0x000000070f200000, 0x000000070f400000, 0x000000070f400000|100%| E|CS|TAMS 0x000000070f200000, 0x000000070f200000| Complete 
| 122|0x000000070f400000, 0x000000070f600000, 0x000000070f600000|100%| E|CS|TAMS 0x000000070f400000, 0x000000070f400000| Complete 
| 123|0x000000070f600000, 0x000000070f800000, 0x000000070f800000|100%| E|CS|TAMS 0x000000070f600000, 0x000000070f600000| Complete 
| 124|0x000000070f800000, 0x000000070fa00000, 0x000000070fa00000|100%| E|CS|TAMS 0x000000070f800000, 0x000000070f800000| Complete 
| 125|0x000000070fa00000, 0x000000070fc00000, 0x000000070fc00000|100%| E|CS|TAMS 0x000000070fa00000, 0x000000070fa00000| Complete 
| 126|0x000000070fc00000, 0x000000070fe00000, 0x000000070fe00000|100%| E|CS|TAMS 0x000000070fc00000, 0x000000070fc00000| Complete 
| 127|0x000000070fe00000, 0x0000000710000000, 0x0000000710000000|100%| E|CS|TAMS 0x000000070fe00000, 0x000000070fe00000| Complete 
|2046|0x00000007ffc00000, 0x00000007ffd78000, 0x00000007ffe00000| 73%|OA|  |TAMS 0x00000007ffc00000, 0x00000007ffc00000| Untracked 
|2047|0x00000007ffe00000, 0x00000007ffe80000, 0x0000000800000000| 25%|CA|  |TAMS 0x00000007ffe00000, 0x00000007ffe00000| Untracked 

Card table byte_map: [0x000000011ac0c000,0x000000011b40c000] _byte_map_base: 0x000000011740c000

Marking Bits (Prev, Next): (CMBitMap*) 0x000000011d842a10, (CMBitMap*) 0x000000011d842a50
 Prev Bits: [0x0000000130000000, 0x0000000134000000)
 Next Bits: [0x0000000134000000, 0x0000000138000000)

Polling page: 0x0000000102438000

Metaspace:

Usage:
  Non-class:     10.75 MB used.
      Class:      1.62 MB used.
       Both:     12.37 MB used.

Virtual space:
  Non-class space:       16.00 MB reserved,      10.88 MB ( 68%) committed,  2 nodes.
      Class space:        1.00 GB reserved,       1.69 MB ( <1%) committed,  1 nodes.
             Both:        1.02 GB reserved,      12.56 MB (  1%) committed. 

Chunk freelists:
   Non-Class:  3.39 MB
       Class:  2.27 MB
        Both:  5.66 MB

MaxMetaspaceSize: unlimited
CompressedClassSpaceSize: 1.00 GB
Initial GC threshold: 21.00 MB
Current GC threshold: 21.00 MB
CDS: on
MetaspaceReclaimPolicy: balanced
 - commit_granule_bytes: 65536.
 - commit_granule_words: 8192.
 - virtual_space_node_default_size: 1048576.
 - enlarge_chunks_in_place: 1.
 - new_chunks_are_fully_committed: 0.
 - uncommit_free_chunks: 1.
 - use_allocation_guard: 0.
 - handle_deallocations: 1.


Internal statistics:

num_allocs_failed_limit: 0.
num_arena_births: 142.
num_arena_deaths: 0.
num_vsnodes_births: 3.
num_vsnodes_deaths: 0.
num_space_committed: 201.
num_space_uncommitted: 0.
num_chunks_returned_to_freelist: 0.
num_chunks_taken_from_freelist: 595.
num_chunk_merges: 0.
num_chunk_splits: 413.
num_chunks_enlarged: 341.
num_purges: 0.
num_inconsistent_stats: 0.

CodeHeap 'non-profiled nmethods': size=120032Kb used=2133Kb max_used=2133Kb free=117898Kb
 bounds [0x00000001136d4000, 0x0000000113944000, 0x000000011ac0c000]
CodeHeap 'profiled nmethods': size=120016Kb used=7832Kb max_used=7832Kb free=112183Kb
 bounds [0x000000010c1a0000, 0x000000010c950000, 0x00000001136d4000]
CodeHeap 'non-nmethods': size=5712Kb used=1363Kb max_used=1440Kb free=4348Kb
 bounds [0x000000010bc0c000, 0x000000010be7c000, 0x000000010c1a0000]
 total_blobs=4524 nmethods=3774 adapters=665
 compilation: enabled
              stopped_count=0, restarted_count=0
 full_count=0

Compilation events (20 events):
Event: 5.179 Thread 0x000000011f82b600 3905       3       com.sun.javafx.geom.Vec3d::normalize (38 bytes)
Event: 5.179 Thread 0x000000011f82b600 nmethod 3905 0x000000010c941a10 code [0x000000010c941bc0, 0x000000010c941d98]
Event: 5.179 Thread 0x000000011f82b600 3906       3       com.sun.javafx.scene.input.PickResultChooser::toPickResult (41 bytes)
Event: 5.179 Thread 0x000000011f82b600 nmethod 3906 0x000000010c941e90 code [0x000000010c942040, 0x000000010c942298]
Event: 5.179 Thread 0x000000011f82b600 3907       3       javafx.scene.input.PickResult::<init> (50 bytes)
Event: 5.179 Thread 0x000000011f82b600 nmethod 3907 0x000000010c942390 code [0x000000010c942580, 0x000000010c9428a8]
Event: 5.181 Thread 0x000000011f82b000 3909       4       java.nio.Buffer::<init> (105 bytes)
Event: 5.183 Thread 0x000000011f82b000 nmethod 3909 0x00000001138e8990 code [0x00000001138e8b40, 0x00000001138e8da0]
Event: 5.194 Thread 0x000000011f82b600 3910       3       javafx.animation.AnimationAccessorImpl::playTo (8 bytes)
Event: 5.194 Thread 0x000000011f82b600 nmethod 3910 0x000000010c942990 code [0x000000010c942b40, 0x000000010c942d98]
Event: 5.195 Thread 0x000000011f82b600 3911       3       com.sun.javafx.application.PlatformImpl::isFxApplicationThread (7 bytes)
Event: 5.195 Thread 0x000000011f82b600 nmethod 3911 0x000000010c942e90 code [0x000000010c943040, 0x000000010c943318]
Event: 5.211 Thread 0x000000011f82b600 3913       3       com.sun.javafx.animation.TickCalculation::fromNano (10 bytes)
Event: 5.211 Thread 0x000000011f82b600 nmethod 3913 0x000000010c943410 code [0x000000010c943600, 0x000000010c943758]
Event: 5.211 Thread 0x000000011f82b600 3914       3       com.sun.javafx.scene.input.PickResultChooser::computePoint (55 bytes)
Event: 5.211 Thread 0x000000011f82b600 nmethod 3914 0x000000010c943810 code [0x000000010c9439c0, 0x000000010c943ca8]
Event: 5.212 Thread 0x000000011f82b600 3915       3       com.sun.javafx.scene.input.PickResultChooser::offer (13 bytes)
Event: 5.212 Thread 0x000000011f82b600 nmethod 3915 0x000000010c943e90 code [0x000000010c944040, 0x000000010c9441d8]
Event: 5.228 Thread 0x000000011f82b000 3916       4       java.util.WeakHashMap$HashIterator::hasNext (95 bytes)
Event: 5.228 Thread 0x000000011f82b600 3917       3       com.sun.javafx.tk.quantum.GlassScene::sceneChanged (25 bytes)

GC Heap History (2 events):
Event: 0.381 GC heap before
{Heap before GC invocations=0 (full 0):
 garbage-first heap   total 266240K, used 26592K [0x0000000700000000, 0x0000000800000000)
  region size 2048K, 11 young (22528K), 0 survivors (0K)
 Metaspace       used 4641K, committed 4800K, reserved 1056768K
  class space    used 601K, committed 704K, reserved 1048576K
}
Event: 0.382 GC heap after
{Heap after GC invocations=1 (full 0):
 garbage-first heap   total 266240K, used 6282K [0x0000000700000000, 0x0000000800000000)
  region size 2048K, 2 young (4096K), 2 survivors (4096K)
 Metaspace       used 4641K, committed 4800K, reserved 1056768K
  class space    used 601K, committed 704K, reserved 1048576K
}

Deoptimization events (20 events):
Event: 2.102 Thread 0x000000011c08aa00 Uncommon trap: trap_request=0xffffff45 fr.pc=0x00000001138370ac relative=0x000000000000072c
Event: 2.102 Thread 0x000000011c08aa00 Uncommon trap: reason=unstable_if action=reinterpret pc=0x00000001138370ac method=com.sun.javafx.sg.prism.NGNode.doRender(Lcom/sun/prism/Graphics;)V @ 230 c2
Event: 2.102 Thread 0x000000011c08aa00 DEOPT PACKING pc=0x00000001138370ac sp=0x00000001707e20a0
Event: 2.102 Thread 0x000000011c08aa00 DEOPT UNPACKING pc=0x000000010bc4ad1c sp=0x00000001707e1f40 mode 2
Event: 2.102 Thread 0x000000011c08aa00 Uncommon trap: trap_request=0xffffff45 fr.pc=0x00000001138587c8 relative=0x0000000000000188
Event: 2.102 Thread 0x000000011c08aa00 Uncommon trap: reason=unstable_if action=reinterpret pc=0x00000001138587c8 method=com.sun.javafx.geom.transform.AffineBase.translate(DD)V @ 447 c2
Event: 2.102 Thread 0x000000011c08aa00 DEOPT PACKING pc=0x00000001138587c8 sp=0x00000001707e1030
Event: 2.102 Thread 0x000000011c08aa00 DEOPT UNPACKING pc=0x000000010bc4ad1c sp=0x00000001707e0f90 mode 2
Event: 2.102 Thread 0x000000011c08aa00 Uncommon trap: trap_request=0xffffff45 fr.pc=0x00000001138705f4 relative=0x0000000000000674
Event: 2.102 Thread 0x000000011c08aa00 Uncommon trap: reason=unstable_if action=reinterpret pc=0x00000001138705f4 method=com.sun.prism.es2.ES2Shader.setConstant(Ljava/lang/String;FFFF)V @ 68 c2
Event: 2.103 Thread 0x000000011c08aa00 DEOPT PACKING pc=0x00000001138705f4 sp=0x00000001707e1030
Event: 2.103 Thread 0x000000011c08aa00 DEOPT UNPACKING pc=0x000000010bc4ad1c sp=0x00000001707e0fb0 mode 2
Event: 2.112 Thread 0x000000011e01e400 Uncommon trap: trap_request=0xfffffff4 fr.pc=0x00000001137a85d4 relative=0x0000000000000154
Event: 2.112 Thread 0x000000011e01e400 Uncommon trap: reason=null_check action=make_not_entrant pc=0x00000001137a85d4 method=javafx.scene.Node$MiscProperties.getClip()Ljavafx/scene/Node; @ 20 c2
Event: 2.112 Thread 0x000000011e01e400 DEOPT PACKING pc=0x00000001137a85d4 sp=0x000000016db46ca0
Event: 2.112 Thread 0x000000011e01e400 DEOPT UNPACKING pc=0x000000010bc4ad1c sp=0x000000016db46bd0 mode 2
Event: 2.447 Thread 0x000000011c08aa00 Uncommon trap: trap_request=0xffffff45 fr.pc=0x0000000113808958 relative=0x0000000000000218
Event: 2.447 Thread 0x000000011c08aa00 Uncommon trap: reason=unstable_if action=reinterpret pc=0x0000000113808958 method=com.sun.prism.impl.BaseGraphics.validateTransformAndPaint()V @ 20 c2
Event: 2.447 Thread 0x000000011c08aa00 DEOPT PACKING pc=0x0000000113808958 sp=0x00000001707e15a0
Event: 2.447 Thread 0x000000011c08aa00 DEOPT UNPACKING pc=0x000000010bc4ad1c sp=0x00000001707e1550 mode 2

Classes unloaded (0 events):
No events

Classes redefined (0 events):
No events

Internal exceptions (20 events):
Event: 0.390 Thread 0x000000011e01e400 Exception <a 'java/lang/NullPointerException'{0x000000070ff18248}> (0x000000070ff18248) 
thrown [open/src/hotspot/share/interpreter/linkResolver.cpp, line 1357]
Event: 0.435 Thread 0x000000011e01e400 Exception <a 'java/lang/NoSuchMethodError'{0x000000070f92b1c8}: 'void java.lang.invoke.DirectMethodHandle$Holder.invokeStaticInit(java.lang.Object, java.lang.Object)'> (0x000000070f92b1c8) 
thrown [open/src/hotspot/share/interpreter/linkResolver.cpp, line 766]
Event: 0.517 Thread 0x000000011e01e400 Exception <a 'java/lang/NoSuchMethodError'{0x000000070f4fe358}: 'void java.lang.invoke.DirectMethodHandle$Holder.invokeSpecial(java.lang.Object, java.lang.Object, java.lang.Object, java.lang.Object, java.lang.Object)'> (0x000000070f4fe358) 
thrown [open/src/hotspot/share/interpreter/linkResolver.cpp, line 766]
Event: 0.535 Thread 0x000000011e01e400 Implicit null exception at 0x0000000113724b54 to 0x0000000113724e64
Event: 0.536 Thread 0x000000011e01e400 Implicit null exception at 0x0000000113724154 to 0x0000000113724458
Event: 0.545 Thread 0x000000011e01e400 Implicit null exception at 0x00000001136f1458 to 0x00000001136f161c
Event: 0.594 Thread 0x000000011e01e400 Implicit null exception at 0x0000000113752d20 to 0x0000000113752d70
Event: 0.597 Thread 0x000000011e01e400 Exception <a 'java/lang/NoSuchMethodError'{0x000000070eda38e8}: 'java.lang.Object java.lang.invoke.DirectMethodHandle$Holder.invokeInterface(java.lang.Object, java.lang.Object, java.lang.Object)'> (0x000000070eda38e8) 
thrown [open/src/hotspot/share/interpreter/linkResolver.cpp, line 766]
Event: 0.597 Thread 0x000000011e01e400 Exception <a 'java/lang/IncompatibleClassChangeError'{0x000000070eda7270}: Found class java.lang.Object, but interface was expected> (0x000000070eda7270) 
thrown [open/src/hotspot/share/interpreter/linkResolver.cpp, line 833]
Event: 0.672 Thread 0x000000011e01e400 Implicit null exception at 0x00000001137896e0 to 0x0000000113789a9c
Event: 0.694 Thread 0x000000011e01e400 Exception <a 'java/lang/NoSuchMethodError'{0x000000070df4eb60}: 'java.lang.Object java.lang.invoke.DirectMethodHandle$Holder.newInvokeSpecial(java.lang.Object, java.lang.Object, int)'> (0x000000070df4eb60) 
thrown [open/src/hotspot/share/interpreter/linkResolver.cpp, line 766]
Event: 0.719 Thread 0x000000011e01e400 Exception <a 'java/lang/NoSuchMethodError'{0x000000070df71dc0}: 'long java.lang.invoke.DirectMethodHandle$Holder.invokeStatic(java.lang.Object, java.lang.Object, java.lang.Object)'> (0x000000070df71dc0) 
thrown [open/src/hotspot/share/interpreter/linkResolver.cpp, line 766]
Event: 0.719 Thread 0x000000011e01e400 Exception <a 'java/lang/NoSuchMethodError'{0x000000070df75568}: 'long java.lang.invoke.DirectMethodHandle$Holder.invokeStaticInit(java.lang.Object, java.lang.Object, java.lang.Object)'> (0x000000070df75568) 
thrown [open/src/hotspot/share/interpreter/linkResolver.cpp, line 766]
Event: 0.720 Thread 0x000000011e01e400 Exception <a 'java/lang/NoSuchMethodError'{0x000000070df8d170}: 'java.lang.Object java.lang.invoke.DirectMethodHandle$Holder.newInvokeSpecial(java.lang.Object, java.lang.Object, long)'> (0x000000070df8d170) 
thrown [open/src/hotspot/share/interpreter/linkResolver.cpp, line 766]
Event: 0.720 Thread 0x000000011e01e400 Exception <a 'java/lang/NoSuchMethodError'{0x000000070dc03290}: 'java.lang.Object java.lang.invoke.Invokers$Holder.linkToTargetMethod(java.lang.Object, long, java.lang.Object)'> (0x000000070dc03290) 
thrown [open/src/hotspot/share/interpreter/linkResolver.cpp, line 766]
Event: 0.721 Thread 0x000000011e01e400 Implicit null exception at 0x000000011376f27c to 0x000000011376f754
Event: 0.746 Thread 0x000000011c08aa00 Exception <a 'java/lang/NoSuchMethodError'{0x000000070ddf1da8}: 'int java.lang.invoke.DirectMethodHandle$Holder.invokeStaticInit(java.lang.Object, java.lang.Object)'> (0x000000070ddf1da8) 
thrown [open/src/hotspot/share/interpreter/linkResolver.cpp, line 766]
Event: 0.801 Thread 0x000000011c08aa00 Exception <a 'java/lang/NoSuchMethodError'{0x000000070dacfe38}: 'java.lang.Object java.lang.invoke.DirectMethodHandle$Holder.invokeStaticInit(java.lang.Object, int)'> (0x000000070dacfe38) 
thrown [open/src/hotspot/share/interpreter/linkResolver.cpp, line 766]
Event: 2.097 Thread 0x000000011e01e400 Implicit null exception at 0x000000011382c50c to 0x000000011382ccbc
Event: 2.112 Thread 0x000000011e01e400 Implicit null exception at 0x00000001137a850c to 0x00000001137a85cc

VM Operations (20 events):
Event: 0.928 Executing VM operation: ICBufferFull
Event: 0.928 Executing VM operation: ICBufferFull done
Event: 1.082 Executing VM operation: ICBufferFull
Event: 1.082 Executing VM operation: ICBufferFull done
Event: 1.296 Executing VM operation: ICBufferFull
Event: 1.296 Executing VM operation: ICBufferFull done
Event: 1.689 Executing VM operation: HandshakeAllThreads
Event: 1.689 Executing VM operation: HandshakeAllThreads done
Event: 1.689 Executing VM operation: ICBufferFull
Event: 1.689 Executing VM operation: ICBufferFull done
Event: 1.893 Executing VM operation: ICBufferFull
Event: 1.893 Executing VM operation: ICBufferFull done
Event: 2.097 Executing VM operation: ICBufferFull
Event: 2.098 Executing VM operation: ICBufferFull done
Event: 3.103 Executing VM operation: Cleanup
Event: 3.103 Executing VM operation: Cleanup done
Event: 4.108 Executing VM operation: Cleanup
Event: 4.108 Executing VM operation: Cleanup done
Event: 5.110 Executing VM operation: Cleanup
Event: 5.110 Executing VM operation: Cleanup done

Events (20 events):
Event: 0.813 loading class jdk/internal/reflect/UnsafeFieldAccessorFactory
Event: 0.813 loading class jdk/internal/reflect/UnsafeFieldAccessorFactory done
Event: 0.813 loading class jdk/internal/reflect/UnsafeQualifiedStaticObjectFieldAccessorImpl
Event: 0.813 loading class jdk/internal/reflect/UnsafeQualifiedStaticFieldAccessorImpl
Event: 0.813 loading class jdk/internal/reflect/UnsafeQualifiedStaticFieldAccessorImpl done
Event: 0.813 loading class jdk/internal/reflect/UnsafeQualifiedStaticObjectFieldAccessorImpl done
Event: 0.820 loading class java/nio/DirectFloatBufferU
Event: 0.820 loading class java/nio/DirectFloatBufferU done
Event: 1.145 loading class java/util/EnumMap$Values
Event: 1.145 loading class java/util/EnumMap$Values done
Event: 1.145 loading class java/util/EnumMap$ValueIterator
Event: 1.145 loading class java/util/EnumMap$EnumMapIterator
Event: 1.145 loading class java/util/EnumMap$EnumMapIterator done
Event: 1.145 loading class java/util/EnumMap$ValueIterator done
Event: 1.613 Protecting memory [0x0000000172004000,0x0000000172010000] with protection modes 3
Event: 1.613 Thread 0x000000011d90ba00 Thread exited: 0x000000011d90ba00
Event: 2.994 Protecting memory [0x00000001714c0000,0x00000001714cc000] with protection modes 3
Event: 2.995 Thread 0x000000011f23ba00 Thread exited: 0x000000011f23ba00
Event: 5.181 loading class jdk/internal/access/foreign/MemorySegmentProxy
Event: 5.181 loading class jdk/internal/access/foreign/MemorySegmentProxy done


Dynamic libraries:
0x00000001023e8000 	/Library/Java/JavaVirtualMachines/jdk-17.0.1.jdk/Contents/Home/lib/libjli.dylib
0x00000001941a0000 	/usr/lib/libz.1.dylib
0x0000000194257000 	/usr/lib/libSystem.B.dylib
0x0000000194251000 	/usr/lib/system/libcache.dylib
0x000000019420f000 	/usr/lib/system/libcommonCrypto.dylib
0x0000000194238000 	/usr/lib/system/libcompiler_rt.dylib
0x000000019422f000 	/usr/lib/system/libcopyfile.dylib
0x0000000189497000 	/usr/lib/system/libcorecrypto.dylib
0x000000018954a000 	/usr/lib/system/libdispatch.dylib
0x0000000189718000 	/usr/lib/system/libdyld.dylib
0x0000000194247000 	/usr/lib/system/libkeymgr.dylib
0x00000001941ea000 	/usr/lib/system/libmacho.dylib
0x00000001938df000 	/usr/lib/system/libquarantine.dylib
0x0000000194244000 	/usr/lib/system/libremovefile.dylib
0x000000018e880000 	/usr/lib/system/libsystem_asl.dylib
0x0000000189439000 	/usr/lib/system/libsystem_blocks.dylib
0x00000001895d2000 	/usr/lib/system/libsystem_c.dylib
0x000000019423c000 	/usr/lib/system/libsystem_collections.dylib
0x0000000192d6d000 	/usr/lib/system/libsystem_configuration.dylib
0x0000000191fc9000 	/usr/lib/system/libsystem_containermanager.dylib
0x0000000193f4c000 	/usr/lib/system/libsystem_coreservices.dylib
0x000000018be40000 	/usr/lib/system/libsystem_darwin.dylib
0x0000000194248000 	/usr/lib/system/libsystem_dnssd.dylib
0x00000001895cf000 	/usr/lib/system/libsystem_featureflags.dylib
0x000000018972d000 	/usr/lib/system/libsystem_info.dylib
0x00000001941b2000 	/usr/lib/system/libsystem_m.dylib
0x000000018951f000 	/usr/lib/system/libsystem_malloc.dylib
0x000000018e80f000 	/usr/lib/system/libsystem_networkextension.dylib
0x000000018c299000 	/usr/lib/system/libsystem_notify.dylib
0x000000019a595000 	/usr/lib/system/libsystem_product_info_filter.dylib
0x0000000192d72000 	/usr/lib/system/libsystem_sandbox.dylib
0x0000000194241000 	/usr/lib/system/libsystem_secinit.dylib
0x00000001896d3000 	/usr/lib/system/libsystem_kernel.dylib
0x0000000189725000 	/usr/lib/system/libsystem_platform.dylib
0x000000018970b000 	/usr/lib/system/libsystem_pthread.dylib
0x000000018ffd8000 	/usr/lib/system/libsystem_symptoms.dylib
0x000000018947d000 	/usr/lib/system/libsystem_trace.dylib
0x000000019421c000 	/usr/lib/system/libunwind.dylib
0x000000018943b000 	/usr/lib/system/libxpc.dylib
0x00000001896bb000 	/usr/lib/libc++abi.dylib
0x0000000189591000 	/usr/lib/libobjc.A.dylib
0x0000000194227000 	/usr/lib/liboah.dylib
0x0000000189654000 	/usr/lib/libc++.1.dylib
0x00000001a00ae000 	/System/Library/Frameworks/Cocoa.framework/Versions/A/Cocoa
0x000000018c2fa000 	/System/Library/Frameworks/AppKit.framework/Versions/C/AppKit
0x000000018f800000 	/System/Library/Frameworks/CoreData.framework/Versions/A/CoreData
0x000000018a655000 	/System/Library/Frameworks/Foundation.framework/Versions/C/Foundation
0x000000018d1b2000 	/System/Library/PrivateFrameworks/UIFoundation.framework/Versions/A/UIFoundation
0x000000019a28f000 	/System/Library/PrivateFrameworks/RemoteViewServices.framework/Versions/A/RemoteViewServices
0x0000000192715000 	/System/Library/PrivateFrameworks/XCTTargetBootstrap.framework/Versions/A/XCTTargetBootstrap
0x0000000195f93000 	/System/Library/PrivateFrameworks/InternationalSupport.framework/Versions/A/InternationalSupport
0x000000019601c000 	/System/Library/PrivateFrameworks/UserActivity.framework/Versions/A/UserActivity
0x000000019548e000 	/usr/lib/libspindump.dylib
0x000000018d423000 	/System/Library/Frameworks/UniformTypeIdentifiers.framework/Versions/A/UniformTypeIdentifiers
0x0000000190c60000 	/usr/lib/libapp_launch_measurement.dylib
0x000000019018a000 	/System/Library/PrivateFrameworks/CoreAnalytics.framework/Versions/A/CoreAnalytics
0x0000000190c63000 	/System/Library/PrivateFrameworks/CoreAutoLayout.framework/Versions/A/CoreAutoLayout
0x0000000192006000 	/System/Library/Frameworks/Metal.framework/Versions/A/Metal
0x0000000192d7d000 	/usr/lib/liblangid.dylib
0x000000019271a000 	/System/Library/PrivateFrameworks/CoreSVG.framework/Versions/A/CoreSVG
0x000000018e8b4000 	/System/Library/PrivateFrameworks/SkyLight.framework/Versions/A/SkyLight
0x000000018ec89000 	/System/Library/Frameworks/CoreGraphics.framework/Versions/A/CoreGraphics
0x000000019a95b000 	/System/Library/Frameworks/Accelerate.framework/Versions/A/Accelerate
0x0000000194f05000 	/System/Library/PrivateFrameworks/IconServices.framework/Versions/A/IconServices
0x0000000191fe8000 	/System/Library/Frameworks/IOSurface.framework/Versions/A/IOSurface
0x00000001901bb000 	/usr/lib/libDiagnosticMessagesClient.dylib
0x000000019de5c000 	/System/Library/Frameworks/ApplicationServices.framework/Versions/A/ApplicationServices
0x00000001926fd000 	/System/Library/PrivateFrameworks/DFRFoundation.framework/Versions/A/DFRFoundation
0x000000018bb8a000 	/usr/lib/libicucore.A.dylib
0x0000000196e3f000 	/System/Library/Frameworks/AudioToolbox.framework/Versions/A/AudioToolbox
0x0000000195f9f000 	/System/Library/PrivateFrameworks/DataDetectorsCore.framework/Versions/A/DataDetectorsCore
0x00000001ac8df000 	/System/Library/PrivateFrameworks/TextInput.framework/Versions/A/TextInput
0x000000018e829000 	/usr/lib/libMobileGestalt.dylib
0x00000001923c9000 	/System/Library/Frameworks/Carbon.framework/Versions/A/Frameworks/HIToolbox.framework/Versions/A/HIToolbox
0x000000019063c000 	/System/Library/Frameworks/QuartzCore.framework/Versions/A/QuartzCore
0x000000018b80d000 	/System/Library/Frameworks/Security.framework/Versions/A/Security
0x000000019a2cf000 	/System/Library/Frameworks/Carbon.framework/Versions/A/Frameworks/SpeechRecognition.framework/Versions/A/SpeechRecognition
0x00000001909b6000 	/System/Library/PrivateFrameworks/CoreUI.framework/Versions/A/CoreUI
0x000000018b0ea000 	/System/Library/Frameworks/CoreAudio.framework/Versions/A/CoreAudio
0x00000001902b0000 	/System/Library/Frameworks/DiskArbitration.framework/Versions/A/DiskArbitration
0x0000000195898000 	/System/Library/PrivateFrameworks/MultitouchSupport.framework/Versions/A/MultitouchSupport
0x000000018e827000 	/usr/lib/libenergytrace.dylib
0x000000018c1c2000 	/System/Library/Frameworks/IOKit.framework/Versions/A/IOKit
0x000000019a6be000 	/System/Library/Frameworks/CoreServices.framework/Versions/A/CoreServices
0x0000000190bf0000 	/System/Library/PrivateFrameworks/PerformanceAnalysis.framework/Versions/A/PerformanceAnalysis
0x00000001eabc7000 	/System/Library/Frameworks/OpenGL.framework/Versions/A/OpenGL
0x00000001937f7000 	/System/Library/PrivateFrameworks/MobileKeyBag.framework/Versions/A/MobileKeyBag
0x000000018f296000 	/System/Library/Frameworks/ColorSync.framework/Versions/A/ColorSync
0x000000018975a000 	/System/Library/Frameworks/CoreFoundation.framework/Versions/A/CoreFoundation
0x0000000192999000 	/System/Library/Frameworks/CoreImage.framework/Versions/A/CoreImage
0x000000018af0e000 	/System/Library/Frameworks/CoreText.framework/Versions/A/CoreText
0x000000019274a000 	/System/Library/Frameworks/ImageIO.framework/Versions/A/ImageIO
0x000000019425d000 	/System/Library/PrivateFrameworks/SoftLinking.framework/Versions/A/SoftLinking
0x0000000190cae000 	/usr/lib/libxml2.2.dylib
0x00000001944f6000 	/usr/lib/libcompression.dylib
0x0000000195eef000 	/System/Library/PrivateFrameworks/TextureIO.framework/Versions/A/TextureIO
0x0000000194c1e000 	/usr/lib/libate.dylib
0x0000000194ae3000 	/usr/lib/liblzma.5.dylib
0x000000018a349000 	/System/Library/Frameworks/SystemConfiguration.framework/Versions/A/SystemConfiguration
0x0000000194259000 	/usr/lib/libfakelink.dylib
0x000000018e35b000 	/System/Library/Frameworks/CFNetwork.framework/Versions/A/CFNetwork
0x000000019439f000 	/usr/lib/libarchive.2.dylib
0x0000000192d79000 	/System/Library/PrivateFrameworks/AppleSystemInfo.framework/Versions/A/AppleSystemInfo
0x000000019390a000 	/usr/lib/libbsm.0.dylib
0x000000018d8cc000 	/usr/lib/libnetwork.dylib
0x00000001941f3000 	/usr/lib/system/libkxld.dylib
0x000000019351d000 	/System/Library/PrivateFrameworks/IOMobileFramebuffer.framework/Versions/A/IOMobileFramebuffer
0x00000002084f3000 	/usr/lib/libCoreEntitlements.dylib
0x0000000193f2e000 	/System/Library/PrivateFrameworks/AppleFSCompression.framework/Versions/A/AppleFSCompression
0x00000001938f2000 	/usr/lib/libcoretls.dylib
0x0000000194afc000 	/usr/lib/libcoretls_cfhelpers.dylib
0x00000001944f1000 	/usr/lib/libpam.2.dylib
0x000000018fbef000 	/usr/lib/libsqlite3.dylib
0x0000000194b65000 	/usr/lib/libxar.1.dylib
0x0000000193f3f000 	/usr/lib/libbz2.1.0.dylib
0x000000019425e000 	/usr/lib/libpcap.A.dylib
0x000000018ffcf000 	/usr/lib/libdns_services.dylib
0x00000001944c4000 	/usr/lib/libapple_nghttp2.dylib
0x000000019429b000 	/usr/lib/libiconv.2.dylib
0x00000001941e9000 	/usr/lib/libcharset.1.dylib
0x0000000190c2c000 	/System/Library/Frameworks/CoreServices.framework/Versions/A/Frameworks/FSEvents.framework/Versions/A/FSEvents
0x000000018be4b000 	/System/Library/Frameworks/CoreServices.framework/Versions/A/Frameworks/CarbonCore.framework/Versions/A/CarbonCore
0x0000000190210000 	/System/Library/Frameworks/CoreServices.framework/Versions/A/Frameworks/Metadata.framework/Versions/A/Metadata
0x0000000193f52000 	/System/Library/Frameworks/CoreServices.framework/Versions/A/Frameworks/OSServices.framework/Versions/A/OSServices
0x0000000194425000 	/System/Library/Frameworks/CoreServices.framework/Versions/A/Frameworks/SearchKit.framework/Versions/A/SearchKit
0x000000018ff5e000 	/System/Library/Frameworks/CoreServices.framework/Versions/A/Frameworks/AE.framework/Versions/A/AE
0x0000000189ca0000 	/System/Library/Frameworks/CoreServices.framework/Versions/A/Frameworks/LaunchServices.framework/Versions/A/LaunchServices
0x0000000194a8c000 	/System/Library/Frameworks/CoreServices.framework/Versions/A/Frameworks/DictionaryServices.framework/Versions/A/DictionaryServices
0x0000000190c39000 	/System/Library/Frameworks/CoreServices.framework/Versions/A/Frameworks/SharedFileList.framework/Versions/A/SharedFileList
0x00000001938e2000 	/usr/lib/libCheckFix.dylib
0x000000018e898000 	/System/Library/PrivateFrameworks/TCC.framework/Versions/A/TCC
0x0000000192d7f000 	/System/Library/PrivateFrameworks/CoreNLP.framework/Versions/A/CoreNLP
0x00000001901be000 	/System/Library/PrivateFrameworks/MetadataUtilities.framework/Versions/A/MetadataUtilities
0x000000018a402000 	/usr/lib/libmecabra.dylib
0x000000019391b000 	/usr/lib/libmecab.dylib
0x000000018a3ce000 	/usr/lib/libCRFSuite.dylib
0x0000000193978000 	/usr/lib/libgermantok.dylib
0x000000019449d000 	/usr/lib/libThaiTokenizer.dylib
0x00000001902b8000 	/System/Library/Frameworks/Accelerate.framework/Versions/A/Frameworks/vImage.framework/Versions/A/vImage
0x000000019a695000 	/System/Library/Frameworks/Accelerate.framework/Versions/A/Frameworks/vecLib.framework/Versions/A/vecLib
0x0000000194baa000 	/System/Library/Frameworks/Accelerate.framework/Versions/A/Frameworks/vecLib.framework/Versions/A/libvMisc.dylib
0x0000000193424000 	/System/Library/Frameworks/Accelerate.framework/Versions/A/Frameworks/vecLib.framework/Versions/A/libvDSP.dylib
0x000000018a029000 	/System/Library/Frameworks/Accelerate.framework/Versions/A/Frameworks/vecLib.framework/Versions/A/libBLAS.dylib
0x00000001945c7000 	/System/Library/Frameworks/Accelerate.framework/Versions/A/Frameworks/vecLib.framework/Versions/A/libLAPACK.dylib
0x000000019397b000 	/System/Library/Frameworks/Accelerate.framework/Versions/A/Frameworks/vecLib.framework/Versions/A/libLinearAlgebra.dylib
0x00000001944dc000 	/System/Library/Frameworks/Accelerate.framework/Versions/A/Frameworks/vecLib.framework/Versions/A/libSparseBLAS.dylib
0x00000001945c2000 	/System/Library/Frameworks/Accelerate.framework/Versions/A/Frameworks/vecLib.framework/Versions/A/libQuadrature.dylib
0x0000000192e78000 	/System/Library/Frameworks/Accelerate.framework/Versions/A/Frameworks/vecLib.framework/Versions/A/libBNNS.dylib
0x000000018a2e7000 	/System/Library/Frameworks/Accelerate.framework/Versions/A/Frameworks/vecLib.framework/Versions/A/libSparse.dylib
0x0000000192e70000 	/System/Library/PrivateFrameworks/LinguisticData.framework/Versions/A/LinguisticData
0x000000018a29f000 	/System/Library/PrivateFrameworks/Lexicon.framework/Versions/A/Lexicon
0x0000000194ba2000 	/usr/lib/libChineseTokenizer.dylib
0x000000018aa46000 	/System/Library/PrivateFrameworks/LanguageModeling.framework/Versions/A/LanguageModeling
0x000000019449f000 	/System/Library/PrivateFrameworks/AppleSauce.framework/Versions/A/AppleSauce
0x000000019350a000 	/System/Library/PrivateFrameworks/CoreEmoji.framework/Versions/A/CoreEmoji
0x000000019438d000 	/usr/lib/libcmph.dylib
0x0000000190c0c000 	/System/Library/Frameworks/OpenDirectory.framework/Versions/A/Frameworks/CFOpenDirectory.framework/Versions/A/CFOpenDirectory
0x0000000190bfc000 	/System/Library/Frameworks/OpenDirectory.framework/Versions/A/OpenDirectory
0x0000000194afe000 	/System/Library/PrivateFrameworks/APFS.framework/Versions/A/APFS
0x0000000193832000 	/System/Library/Frameworks/SecurityFoundation.framework/Versions/A/SecurityFoundation
0x0000000194b74000 	/usr/lib/libutil.dylib
0x000000018c184000 	/System/Library/PrivateFrameworks/CoreServicesStore.framework/Versions/A/CoreServicesStore
0x0000000194b78000 	/usr/lib/libxslt.1.dylib
0x00000001938c6000 	/System/Library/PrivateFrameworks/BackgroundTaskManagement.framework/Versions/A/BackgroundTaskManagement
0x0000000195e10000 	/System/Library/Frameworks/ImageIO.framework/Versions/A/Resources/libRadiance.dylib
0x0000000195e19000 	/System/Library/Frameworks/ImageIO.framework/Versions/A/Resources/libJPEG.dylib
0x0000000195d6c000 	/System/Library/Frameworks/ImageIO.framework/Versions/A/Resources/libPng.dylib
0x0000000195d8e000 	/System/Library/Frameworks/ImageIO.framework/Versions/A/Resources/libTIFF.dylib
0x0000000195e74000 	/System/Library/Frameworks/ImageIO.framework/Versions/A/Resources/libGIF.dylib
0x00000001957a8000 	/System/Library/Frameworks/ImageIO.framework/Versions/A/Resources/libJP2.dylib
0x0000000194eca000 	/usr/lib/libexpat.1.dylib
0x0000000195763000 	/System/Library/PrivateFrameworks/AppleJPEG.framework/Versions/A/AppleJPEG
0x0000000192285000 	/System/Library/PrivateFrameworks/FontServices.framework/libFontParser.dylib
0x000000018ff03000 	/System/Library/PrivateFrameworks/RunningBoardServices.framework/Versions/A/RunningBoardServices
0x00000001a0781000 	/System/Library/PrivateFrameworks/IOSurfaceAccelerator.framework/Versions/A/IOSurfaceAccelerator
0x0000000195894000 	/System/Library/PrivateFrameworks/WatchdogClient.framework/Versions/A/WatchdogClient
0x000000018ab4a000 	/System/Library/Frameworks/CoreDisplay.framework/Versions/A/CoreDisplay
0x000000019216f000 	/System/Library/Frameworks/CoreMedia.framework/Versions/A/CoreMedia
0x0000000191ffc000 	/System/Library/PrivateFrameworks/IOAccelerator.framework/Versions/A/IOAccelerator
0x0000000190d9c000 	/System/Library/Frameworks/CoreVideo.framework/Versions/A/CoreVideo
0x00000001944ef000 	/System/Library/Frameworks/MetalPerformanceShaders.framework/Versions/A/MetalPerformanceShaders
0x00000001958d3000 	/System/Library/Frameworks/VideoToolbox.framework/Versions/A/VideoToolbox
0x000000018fe47000 	/System/Library/PrivateFrameworks/BaseBoard.framework/Versions/A/BaseBoard
0x000000018fbd5000 	/System/Library/PrivateFrameworks/ProtocolBuffer.framework/Versions/A/ProtocolBuffer
0x0000000195e0b000 	/System/Library/PrivateFrameworks/GPUWrangler.framework/Versions/A/GPUWrangler
0x0000000195deb000 	/System/Library/PrivateFrameworks/IOPresentment.framework/Versions/A/IOPresentment
0x0000000195e13000 	/System/Library/PrivateFrameworks/DSExternalDisplay.framework/Versions/A/DSExternalDisplay
0x00000001eabba000 	/System/Library/Frameworks/OpenGL.framework/Versions/A/Libraries/libCoreFSCache.dylib
0x00000001f5079000 	/System/Library/PrivateFrameworks/GPUCompiler.framework/Versions/31001/Libraries/libGPUCompilerUtils.dylib
0x0000000195e79000 	/System/Library/PrivateFrameworks/CMCaptureCore.framework/Versions/A/CMCaptureCore
0x000000019547b000 	/System/Library/PrivateFrameworks/AppServerSupport.framework/Versions/A/AppServerSupport
0x00000001976fc000 	/System/Library/PrivateFrameworks/perfdata.framework/Versions/A/perfdata
0x000000018ac6a000 	/System/Library/PrivateFrameworks/AudioToolboxCore.framework/Versions/A/AudioToolboxCore
0x0000000192148000 	/System/Library/PrivateFrameworks/caulk.framework/Versions/A/caulk
0x0000000196ff1000 	/usr/lib/libAudioStatistics.dylib
0x00000001a8f46000 	/System/Library/PrivateFrameworks/SystemPolicy.framework/Versions/A/SystemPolicy
0x000000019725d000 	/usr/lib/libSMC.dylib
0x000000019ff90000 	/System/Library/Frameworks/CoreMIDI.framework/Versions/A/CoreMIDI
0x0000000195d3a000 	/usr/lib/libAudioToolboxUtility.dylib
0x00000001a5013000 	/System/Library/PrivateFrameworks/OSAServicesClient.framework/Versions/A/OSAServicesClient
0x0000000197709000 	/usr/lib/libperfcheck.dylib
0x00000001a9a5e000 	/usr/lib/libmis.dylib
0x00000001eac1c000 	/System/Library/Frameworks/OpenGL.framework/Versions/A/Libraries/libGLU.dylib
0x00000001eabdb000 	/System/Library/Frameworks/OpenGL.framework/Versions/A/Libraries/libGFXShared.dylib
0x00000001eadc8000 	/System/Library/Frameworks/OpenGL.framework/Versions/A/Libraries/libGL.dylib
0x00000001eabe4000 	/System/Library/Frameworks/OpenGL.framework/Versions/A/Libraries/libGLImage.dylib
0x00000001eabd8000 	/System/Library/Frameworks/OpenGL.framework/Versions/A/Libraries/libCVMSPluginSupport.dylib
0x00000001eabc1000 	/System/Library/Frameworks/OpenGL.framework/Versions/A/Libraries/libCoreVMClient.dylib
0x0000000192cf9000 	/System/Library/Frameworks/MetalPerformanceShaders.framework/Versions/A/Frameworks/MPSCore.framework/Versions/A/MPSCore
0x0000000193ea1000 	/System/Library/Frameworks/MetalPerformanceShaders.framework/Versions/A/Frameworks/MPSImage.framework/Versions/A/MPSImage
0x0000000193990000 	/System/Library/Frameworks/MetalPerformanceShaders.framework/Versions/A/Frameworks/MPSNeuralNetwork.framework/Versions/A/MPSNeuralNetwork
0x0000000193dc9000 	/System/Library/Frameworks/MetalPerformanceShaders.framework/Versions/A/Frameworks/MPSMatrix.framework/Versions/A/MPSMatrix
0x0000000193ba2000 	/System/Library/Frameworks/MetalPerformanceShaders.framework/Versions/A/Frameworks/MPSRayIntersector.framework/Versions/A/MPSRayIntersector
0x0000000193dfa000 	/System/Library/Frameworks/MetalPerformanceShaders.framework/Versions/A/Frameworks/MPSNDArray.framework/Versions/A/MPSNDArray
0x00000001ecd33000 	/System/Library/Frameworks/MetalPerformanceShaders.framework/Versions/A/Frameworks/MPSFunctions.framework/Versions/A/MPSFunctions
0x0000000189f00000 	/System/Library/PrivateFrameworks/MetalTools.framework/Versions/A/MetalTools
0x0000000192d77000 	/System/Library/PrivateFrameworks/AggregateDictionary.framework/Versions/A/AggregateDictionary
0x0000000194caf000 	/usr/lib/libIOReport.dylib
0x000000019efae000 	/System/Library/PrivateFrameworks/ASEProcessing.framework/Versions/A/ASEProcessing
0x0000000195024000 	/System/Library/PrivateFrameworks/FaceCore.framework/Versions/A/FaceCore
0x0000000195016000 	/System/Library/PrivateFrameworks/GraphVisualizer.framework/Versions/A/GraphVisualizer
0x00000001f4f90000 	/System/Library/PrivateFrameworks/FontServices.framework/Versions/A/FontServices
0x0000000195437000 	/System/Library/PrivateFrameworks/OTSVG.framework/Versions/A/OTSVG
0x0000000190966000 	/System/Library/Frameworks/ApplicationServices.framework/Versions/A/Frameworks/ATS.framework/Versions/A/Resources/libFontRegistry.dylib
0x0000000195484000 	/System/Library/PrivateFrameworks/FontServices.framework/libhvf.dylib
0x00000001f4f91000 	/System/Library/PrivateFrameworks/FontServices.framework/libXTFontStaticRegistryData.dylib
0x00000001eaf69000 	/System/Library/Frameworks/OpenCL.framework/Versions/A/OpenCL
0x0000000194e7e000 	/System/Library/PrivateFrameworks/AppleVA.framework/Versions/A/AppleVA
0x0000000197019000 	/System/Library/Frameworks/ApplicationServices.framework/Versions/A/Frameworks/ATS.framework/Versions/A/ATS
0x000000018f393000 	/System/Library/Frameworks/ApplicationServices.framework/Versions/A/Frameworks/HIServices.framework/Versions/A/HIServices
0x0000000195e83000 	/System/Library/Frameworks/ApplicationServices.framework/Versions/A/Frameworks/PrintCore.framework/Versions/A/PrintCore
0x00000001973b0000 	/System/Library/Frameworks/ApplicationServices.framework/Versions/A/Frameworks/QD.framework/Versions/A/QD
0x00000001973a8000 	/System/Library/Frameworks/ApplicationServices.framework/Versions/A/Frameworks/ColorSyncLegacy.framework/Versions/A/ColorSyncLegacy
0x0000000197005000 	/System/Library/Frameworks/ApplicationServices.framework/Versions/A/Frameworks/SpeechSynthesis.framework/Versions/A/SpeechSynthesis
0x0000000195e44000 	/System/Library/Frameworks/ApplicationServices.framework/Versions/A/Frameworks/ATSUI.framework/Versions/A/ATSUI
0x000000019733d000 	/usr/lib/libcups.2.dylib
0x0000000197717000 	/System/Library/Frameworks/Kerberos.framework/Versions/A/Kerberos
0x0000000197728000 	/System/Library/Frameworks/GSS.framework/Versions/A/GSS
0x0000000197089000 	/usr/lib/libresolv.9.dylib
0x0000000195493000 	/System/Library/PrivateFrameworks/Heimdal.framework/Versions/A/Heimdal
0x000000019e1e3000 	/System/Library/Frameworks/Kerberos.framework/Versions/A/Libraries/libHeimdalProxy.dylib
0x000000018ffe1000 	/System/Library/Frameworks/Network.framework/Versions/A/Network
0x0000000194ee5000 	/usr/lib/libheimdal-asn1.dylib
0x0000000197778000 	/System/Library/PrivateFrameworks/CommonAuth.framework/Versions/A/CommonAuth
0x0000000196f7f000 	/System/Library/PrivateFrameworks/AudioSession.framework/Versions/A/AudioSession
0x0000000194f77000 	/System/Library/PrivateFrameworks/MediaExperience.framework/Versions/A/MediaExperience
0x0000000196e05000 	/System/Library/PrivateFrameworks/AudioSession.framework/libSessionUtility.dylib
0x00000001973bc000 	/System/Library/PrivateFrameworks/AudioResourceArbitration.framework/Versions/A/AudioResourceArbitration
0x000000019b572000 	/System/Library/PrivateFrameworks/PowerLog.framework/Versions/A/PowerLog
0x0000000194eef000 	/System/Library/PrivateFrameworks/IconFoundation.framework/Versions/A/IconFoundation
0x000000019a2bb000 	/System/Library/PrivateFrameworks/SpeechRecognitionCore.framework/Versions/A/SpeechRecognitionCore
0x00000001035a8000 	/Library/Java/JavaVirtualMachines/jdk-17.0.1.jdk/Contents/Home/lib/server/libjvm.dylib
0x000000010244c000 	/Library/Java/JavaVirtualMachines/jdk-17.0.1.jdk/Contents/Home/lib/libjimage.dylib
0x00000001024d4000 	/Library/Java/JavaVirtualMachines/jdk-17.0.1.jdk/Contents/Home/lib/libjava.dylib
0x0000000103030000 	/Library/Java/JavaVirtualMachines/jdk-17.0.1.jdk/Contents/Home/lib/libnio.dylib
0x0000000103074000 	/Library/Java/JavaVirtualMachines/jdk-17.0.1.jdk/Contents/Home/lib/libnet.dylib
0x0000000103010000 	/Library/Java/JavaVirtualMachines/jdk-17.0.1.jdk/Contents/Home/lib/libzip.dylib
0x0000000103050000 	/Users/tanmayagrawal/javafx-sdk-17.0.1/lib/libprism_es2.dylib
0x000000018c147000 	/System/Library/PrivateFrameworks/CoreServicesInternal.framework/Versions/A/CoreServicesInternal
0x00000001eadd2000 	/System/Library/Frameworks/OpenGL.framework/Versions/A/Resources/GLEngine.bundle/GLEngine
0x00000001eac5a000 	/System/Library/Frameworks/OpenGL.framework/Versions/A/Libraries/libGLProgrammability.dylib
0x000000011bc0c000 	/System/Library/Extensions/AppleMetalOpenGLRenderer.bundle/Contents/MacOS/AppleMetalOpenGLRenderer
0x00000001eaf41000 	/System/Library/Frameworks/OpenGL.framework/Versions/A/Resources/GLRendererFloat.bundle/GLRendererFloat
0x00000001eb041000 	/System/Library/Extensions/AGXMetal13_3.bundle/Contents/MacOS/AGXMetal13_3
0x00000001a9a7a000 	/System/Library/PrivateFrameworks/GPURawCounter.framework/Versions/A/GPURawCounter
0x00000001a4184000 	/System/Library/PrivateFrameworks/IOGPU.framework/Versions/A/IOGPU
0x000000011d000000 	/Users/tanmayagrawal/javafx-sdk-17.0.1/lib/libglass.dylib
0x000000019b7ca000 	/System/Library/Frameworks/FileProvider.framework/Versions/A/FileProvider
0x000000018fdaf000 	/System/Library/Frameworks/Accounts.framework/Versions/A/Accounts
0x000000019b94e000 	/System/Library/PrivateFrameworks/GenerationalStorage.framework/Versions/A/GenerationalStorage
0x000000019c511000 	/System/Library/PrivateFrameworks/CoreSymbolication.framework/Versions/A/CoreSymbolication
0x000000019b566000 	/System/Library/PrivateFrameworks/SymptomDiagnosticReporter.framework/Versions/A/SymptomDiagnosticReporter
0x000000018d437000 	/System/Library/PrivateFrameworks/DesktopServicesPriv.framework/Versions/A/DesktopServicesPriv
0x000000018c2a9000 	/usr/lib/libsandbox.1.dylib
0x0000000190e2a000 	/System/Library/PrivateFrameworks/UserManagement.framework/Versions/A/UserManagement
0x000000019c4ce000 	/System/Library/PrivateFrameworks/DebugSymbols.framework/Versions/A/DebugSymbols
0x000000019739b000 	/System/Library/PrivateFrameworks/NetAuth.framework/Versions/A/NetAuth
0x00000001982b9000 	/System/Library/PrivateFrameworks/Sharing.framework/Versions/A/Sharing
0x0000000190dfa000 	/System/Library/PrivateFrameworks/login.framework/Versions/A/Frameworks/loginsupport.framework/Versions/A/loginsupport
0x000000019d703000 	/System/Library/PrivateFrameworks/Apple80211.framework/Versions/A/Apple80211
0x0000000193f85000 	/System/Library/PrivateFrameworks/AuthKit.framework/Versions/A/AuthKit
0x0000000193606000 	/System/Library/PrivateFrameworks/CoreUtils.framework/Versions/A/CoreUtils
0x0000000193529000 	/System/Library/Frameworks/CoreWLAN.framework/Versions/A/CoreWLAN
0x0000000198429000 	/System/Library/Frameworks/IOBluetooth.framework/Versions/A/IOBluetooth
0x000000019d763000 	/System/Library/PrivateFrameworks/CoreWiFi.framework/Versions/A/CoreWiFi
0x000000019c0ae000 	/System/Library/PrivateFrameworks/FrontBoardServices.framework/Versions/A/FrontBoardServices
0x000000019c146000 	/System/Library/PrivateFrameworks/BoardServices.framework/Versions/A/BoardServices
0x0000000193820000 	/System/Library/PrivateFrameworks/AssertionServices.framework/Versions/A/AssertionServices
0x000000019d8e0000 	/System/Library/PrivateFrameworks/BackBoardServices.framework/Versions/A/BackBoardServices
0x000000019780f000 	/System/Library/PrivateFrameworks/CorePhoneNumbers.framework/Versions/A/CorePhoneNumbers
0x000000019b696000 	/System/Library/PrivateFrameworks/DiskManagement.framework/Versions/A/DiskManagement
0x000000019b599000 	/System/Library/PrivateFrameworks/AppleIDAuthSupport.framework/Versions/A/AppleIDAuthSupport
0x00000001ef55a000 	/System/Library/PrivateFrameworks/AAAFoundation.framework/Versions/A/AAAFoundation
0x00000001977ee000 	/System/Library/PrivateFrameworks/KeychainCircle.framework/Versions/A/KeychainCircle
0x000000019b662000 	/System/Library/PrivateFrameworks/MediaKit.framework/Versions/A/MediaKit
0x000000019b5a6000 	/System/Library/Frameworks/DiscRecording.framework/Versions/A/DiscRecording
0x0000000194dfa000 	/usr/lib/libCoreStorage.dylib
0x000000019dbdd000 	/usr/lib/libcsfde.dylib
0x00000001984fe000 	/System/Library/PrivateFrameworks/ProtectedCloudStorage.framework/Versions/A/ProtectedCloudStorage
0x000000019dbd5000 	/System/Library/PrivateFrameworks/EFILogin.framework/Versions/A/EFILogin
0x000000019b975000 	/System/Library/PrivateFrameworks/OctagonTrust.framework/Versions/A/OctagonTrust
0x00000001f412b000 	/System/Library/PrivateFrameworks/CoreUtilsExtras.framework/Versions/A/CoreUtilsExtras
0x000000019b4cb000 	/System/Library/Frameworks/CoreBluetooth.framework/Versions/A/CoreBluetooth
0x000000019e268000 	/System/Library/Frameworks/AudioUnit.framework/Versions/A/AudioUnit
0x0000000194df2000 	/usr/lib/libMatch.1.dylib
0x00000001adf26000 	/System/Library/Frameworks/Accelerate.framework/Versions/A/Frameworks/vImage.framework/Versions/A/Libraries/libCGInterfaces.dylib
0x000000011d5c8000 	/usr/lib/libobjc-trampolines.dylib
0x0000000190af4000 	/System/Library/PrivateFrameworks/ViewBridge.framework/Versions/A/ViewBridge
0x000000013f5c0000 	/Users/tanmayagrawal/javafx-sdk-17.0.1/lib/libjavafx_font.dylib
0x0000000195556000 	/System/Library/PrivateFrameworks/login.framework/Versions/A/login
0x0000000208671000 	/usr/lib/libRosetta.dylib


VM Arguments:
jvm_args: --module-path=/Users/tanmayagrawal/javafx-sdk-18/lib --add-modules=javafx.controls,javafx.fxml -Dfile.encoding=UTF-8 --module-path=/Users/tanmayagrawal/javafx-sdk-17.0.1/lib/javafx-swt.jar:/Users/tanmayagrawal/javafx-sdk-17.0.1/lib/javafx.base.jar:/Users/tanmayagrawal/javafx-sdk-17.0.1/lib/javafx.controls.jar:/Users/tanmayagrawal/javafx-sdk-17.0.1/lib/javafx.fxml.jar:/Users/tanmayagrawal/javafx-sdk-17.0.1/lib/javafx.graphics.jar:/Users/tanmayagrawal/javafx-sdk-17.0.1/lib/javafx.media.jar:/Users/tanmayagrawal/javafx-sdk-17.0.1/lib/javafx.swing.jar:/Users/tanmayagrawal/javafx-sdk-17.0.1/lib/javafx.web.jar -XX:+ShowCodeDetailsInExceptionMessages 
java_command: view.guitview
java_class_path (initial): /Users/tanmayagrawal/git/csc335-minesweeper-final-project/bin
Launcher Type: SUN_STANDARD

[Global flags]
     intx CICompilerCount                          = 4                                         {product} {ergonomic}
     uint ConcGCThreads                            = 2                                         {product} {ergonomic}
     uint G1ConcRefinementThreads                  = 8                                         {product} {ergonomic}
   size_t G1HeapRegionSize                         = 2097152                                   {product} {ergonomic}
    uintx GCDrainStackTargetSize                   = 64                                        {product} {ergonomic}
   size_t InitialHeapSize                          = 268435456                                 {product} {ergonomic}
   size_t MarkStackSize                            = 4194304                                   {product} {ergonomic}
   size_t MaxHeapSize                              = 4294967296                                {product} {ergonomic}
   size_t MaxNewSize                               = 2575302656                                {product} {ergonomic}
   size_t MinHeapDeltaBytes                        = 2097152                                   {product} {ergonomic}
   size_t MinHeapSize                              = 8388608                                   {product} {ergonomic}
    uintx NonNMethodCodeHeapSize                   = 5839564                                {pd product} {ergonomic}
    uintx NonProfiledCodeHeapSize                  = 122909338                              {pd product} {ergonomic}
    uintx ProfiledCodeHeapSize                     = 122909338                              {pd product} {ergonomic}
    uintx ReservedCodeCacheSize                    = 251658240                              {pd product} {ergonomic}
     bool SegmentedCodeCache                       = true                                      {product} {ergonomic}
     bool ShowCodeDetailsInExceptionMessages       = true                                   {manageable} {command line}
   size_t SoftMaxHeapSize                          = 4294967296                             {manageable} {ergonomic}
     bool UseCompressedClassPointers               = true                           {product lp64_product} {ergonomic}
     bool UseCompressedOops                        = true                           {product lp64_product} {ergonomic}
     bool UseG1GC                                  = true                                      {product} {ergonomic}
     bool UseNUMA                                  = false                                     {product} {ergonomic}
     bool UseNUMAInterleaving                      = false                                     {product} {ergonomic}

Logging:
Log output configuration:
 #0: stdout all=warning uptime,level,tags
 #1: stderr all=off uptime,level,tags

Environment Variables:
PATH=/usr/bin:/bin:/usr/sbin:/sbin
SHELL=/bin/zsh

Signal Handlers:
   SIGSEGV: crash_handler in libjvm.dylib, mask=11100110000111110111111111111111, flags=SA_RESTART|SA_SIGINFO
    SIGBUS: crash_handler in libjvm.dylib, mask=11100110000111110111111111111111, flags=SA_RESTART|SA_SIGINFO
    SIGFPE: crash_handler in libjvm.dylib, mask=11100110000111110111111111111111, flags=SA_RESTART|SA_SIGINFO
   SIGPIPE: javaSignalHandler in libjvm.dylib, mask=11100110000111110111111111111111, flags=SA_RESTART|SA_SIGINFO
   SIGXFSZ: javaSignalHandler in libjvm.dylib, mask=11100110000111110111111111111111, flags=SA_RESTART|SA_SIGINFO
    SIGILL: crash_handler in libjvm.dylib, mask=11100110000111110111111111111111, flags=SA_RESTART|SA_SIGINFO
   SIGUSR2: SR_handler in libjvm.dylib, mask=00100000000000000000000000000000, flags=SA_RESTART|SA_SIGINFO
    SIGHUP: UserHandler in libjvm.dylib, mask=11100110000111110111111111111111, flags=SA_RESTART|SA_SIGINFO
    SIGINT: UserHandler in libjvm.dylib, mask=11100110000111110111111111111111, flags=SA_RESTART|SA_SIGINFO
   SIGTERM: UserHandler in libjvm.dylib, mask=11100110000111110111111111111111, flags=SA_RESTART|SA_SIGINFO
   SIGQUIT: UserHandler in libjvm.dylib, mask=11100110000111110111111111111111, flags=SA_RESTART|SA_SIGINFO
   SIGTRAP: crash_handler in libjvm.dylib, mask=11100110000111110111111111111111, flags=SA_RESTART|SA_SIGINFO


---------------  S Y S T E M  ---------------

OS:
uname: Darwin 21.4.0 Darwin Kernel Version 21.4.0: Fri Mar 18 00:47:26 PDT 2022; root:xnu-8020.101.4~15/RELEASE_ARM64_T8101 arm64
OS uptime: 0 days 3:38 hours
rlimit (soft/hard): STACK 8176k/65520k , CORE 0k/infinity , NPROC 2666/4000 , NOFILE 10240/infinity , AS infinity/infinity , CPU infinity/infinity , DATA infinity/infinity , FSIZE infinity/infinity , MEMLOCK infinity/infinity , RSS infinity/infinity
load average: 4.63 9.22 5.44

CPU: total 8 (initial active 8) 0x61:0x0:0x1b588bb3:0, fp, simd, crc, lse

Memory: 16k page, physical 16777216k(2123056k free), swap 0k(0k free)

vm_info: Java HotSpot(TM) 64-Bit Server VM (17.0.1+12-LTS-39) for bsd-aarch64 JRE (17.0.1+12-LTS-39), built on Sep 27 2021 17:38:30 by "mach5one" with clang Apple LLVM 12.0.0 (clang-1200.0.32.29)

END.
